<?xml version="1.0" encoding="UTF-8"?>
<coverage generated="1788539440620" clover="3.2.0">
  <project timestamp="1788539440620" name="All files">
    <metrics statements="287" coveredstatements="229" conditionals="224" coveredconditionals="164" methods="50" coveredmethods="36" elements="561" coveredelements="429" complexity="0" loc="287" ncloc="287" packages="1" files="1" classes="1"/>
    <file name="MonopolyGame.jsx" path="C:\Users\Sharoun Rajak\our-game-night\client\src\pages\MonopolyGame.jsx">
      <metrics statements="287" coveredstatements="229" conditionals="224" coveredconditionals="164" methods="50" coveredmethods="36"/>
      <line num="9" count="1" type="stmt"/>
      <line num="59" count="1" type="stmt"/>
      <line num="64" count="58" type="stmt"/>
      <line num="65" count="11" type="stmt"/>
      <line num="66" count="10" type="stmt"/>
      <line num="69" count="11" type="stmt"/>
      <line num="71" count="58" type="stmt"/>
      <line num="72" count="58" type="stmt"/>
      <line num="73" count="58" type="cond" truecount="1" falsecount="1"/>
      <line num="74" count="58" type="stmt"/>
      <line num="77" count="58" type="stmt"/>
      <line num="78" count="58" type="stmt"/>
      <line num="79" count="58" type="stmt"/>
      <line num="80" count="58" type="stmt"/>
      <line num="81" count="58" type="stmt"/>
      <line num="82" count="58" type="stmt"/>
      <line num="85" count="58" type="stmt"/>
      <line num="88" count="58" type="stmt"/>
      <line num="102" count="58" type="stmt"/>
      <line num="105" count="58" type="stmt"/>
      <line num="106" count="11" type="cond" truecount="1" falsecount="1"/>
      <line num="107" count="11" type="stmt"/>
      <line num="108" count="11" type="stmt"/>
      <line num="109" count="11" type="stmt"/>
      <line num="113" count="58" type="stmt"/>
      <line num="114" count="28" type="cond" truecount="1" falsecount="1"/>
      <line num="115" count="28" type="stmt"/>
      <line num="123" count="58" type="stmt"/>
      <line num="124" count="11" type="cond" truecount="1" falsecount="1"/>
      <line num="125" count="11" type="stmt"/>
      <line num="126" count="11" type="stmt"/>
      <line num="129" count="58" type="stmt"/>
      <line num="130" count="7" type="stmt"/>
      <line num="132" count="7" type="cond" truecount="3" falsecount="1"/>
      <line num="135" count="58" type="stmt"/>
      <line num="136" count="4" type="stmt"/>
      <line num="137" count="4" type="cond" truecount="2" falsecount="0"/>
      <line num="138" count="4" type="cond" truecount="2" falsecount="0"/>
      <line num="139" count="4" type="stmt"/>
      <line num="140" count="4" type="stmt"/>
      <line num="141" count="0" type="stmt"/>
      <line num="146" count="58" type="stmt"/>
      <line num="147" count="2" type="stmt"/>
      <line num="148" count="2" type="stmt"/>
      <line num="149" count="2" type="stmt"/>
      <line num="150" count="11" type="stmt"/>
      <line num="151" count="11" type="stmt"/>
      <line num="152" count="11" type="stmt"/>
      <line num="154" count="11" type="cond" truecount="2" falsecount="0"/>
      <line num="155" count="2" type="stmt"/>
      <line num="156" count="2" type="stmt"/>
      <line num="157" count="2" type="stmt"/>
      <line num="163" count="58" type="stmt"/>
      <line num="164" count="2" type="cond" truecount="5" falsecount="1"/>
      <line num="165" count="2" type="stmt"/>
      <line num="167" count="2" type="stmt"/>
      <line num="168" count="24" type="stmt"/>
      <line num="171" count="2" type="stmt"/>
      <line num="172" count="2" type="stmt"/>
      <line num="173" count="2" type="stmt"/>
      <line num="174" count="2" type="stmt"/>
      <line num="175" count="2" type="stmt"/>
      <line num="176" count="2" type="stmt"/>
      <line num="177" count="2" type="stmt"/>
      <line num="179" count="2" type="stmt"/>
      <line num="180" count="2" type="stmt"/>
      <line num="181" count="2" type="stmt"/>
      <line num="182" count="2" type="stmt"/>
      <line num="184" count="2" type="stmt"/>
      <line num="185" count="2" type="stmt"/>
      <line num="187" count="2" type="stmt"/>
      <line num="188" count="2" type="stmt"/>
      <line num="189" count="2" type="cond" truecount="1" falsecount="1"/>
      <line num="190" count="0" type="stmt"/>
      <line num="191" count="0" type="stmt"/>
      <line num="192" count="0" type="stmt"/>
      <line num="194" count="2" type="stmt"/>
      <line num="195" count="2" type="stmt"/>
      <line num="196" count="2" type="stmt"/>
      <line num="198" count="2" type="cond" truecount="1" falsecount="1"/>
      <line num="199" count="0" type="stmt"/>
      <line num="200" count="0" type="stmt"/>
      <line num="201" count="2" type="cond" truecount="1" falsecount="1"/>
      <line num="202" count="0" type="stmt"/>
      <line num="203" count="0" type="stmt"/>
      <line num="204" count="0" type="stmt"/>
      <line num="205" count="2" type="cond" truecount="3" falsecount="1"/>
      <line num="206" count="0" type="cond" truecount="0" falsecount="2"/>
      <line num="207" count="0" type="stmt"/>
      <line num="208" count="0" type="stmt"/>
      <line num="209" count="0" type="stmt"/>
      <line num="210" count="0" type="stmt"/>
      <line num="211" count="2" type="cond" truecount="1" falsecount="1"/>
      <line num="212" count="2" type="stmt"/>
      <line num="213" count="2" type="cond" truecount="1" falsecount="1"/>
      <line num="214" count="2" type="stmt"/>
      <line num="215" count="0" type="cond" truecount="0" falsecount="4"/>
      <line num="216" count="0" type="cond" truecount="0" falsecount="2"/>
      <line num="217" count="0" type="stmt"/>
      <line num="218" count="0" type="stmt"/>
      <line num="219" count="0" type="stmt"/>
      <line num="220" count="0" type="stmt"/>
      <line num="221" count="0" type="stmt"/>
      <line num="224" count="2" type="stmt"/>
      <line num="230" count="58" type="stmt"/>
      <line num="231" count="1" type="cond" truecount="1" falsecount="1"/>
      <line num="232" count="1" type="stmt"/>
      <line num="233" count="1" type="stmt"/>
      <line num="234" count="1" type="stmt"/>
      <line num="235" count="1" type="stmt"/>
      <line num="237" count="1" type="cond" truecount="1" falsecount="1"/>
      <line num="238" count="1" type="stmt"/>
      <line num="239" count="1" type="stmt"/>
      <line num="240" count="1" type="stmt"/>
      <line num="241" count="1" type="stmt"/>
      <line num="242" count="1" type="stmt"/>
      <line num="244" count="1" type="stmt"/>
      <line num="248" count="58" type="stmt"/>
      <line num="249" count="0" type="cond" truecount="0" falsecount="2"/>
      <line num="250" count="0" type="stmt"/>
      <line num="251" count="0" type="stmt"/>
      <line num="257" count="0" type="stmt"/>
      <line num="258" count="0" type="stmt"/>
      <line num="259" count="0" type="stmt"/>
      <line num="260" count="0" type="stmt"/>
      <line num="264" count="58" type="stmt"/>
      <line num="265" count="0" type="cond" truecount="0" falsecount="2"/>
      <line num="266" count="0" type="stmt"/>
      <line num="267" count="0" type="cond" truecount="0" falsecount="2"/>
      <line num="269" count="0" type="stmt"/>
      <line num="275" count="0" type="stmt"/>
      <line num="276" count="0" type="stmt"/>
      <line num="277" count="0" type="stmt"/>
      <line num="281" count="58" type="stmt"/>
      <line num="282" count="0" type="cond" truecount="0" falsecount="2"/>
      <line num="283" count="0" type="stmt"/>
      <line num="285" count="0" type="cond" truecount="0" falsecount="4"/>
      <line num="287" count="0" type="stmt"/>
      <line num="288" count="0" type="stmt"/>
      <line num="289" count="0" type="stmt"/>
      <line num="291" count="0" type="stmt"/>
      <line num="292" count="0" type="stmt"/>
      <line num="293" count="0" type="stmt"/>
      <line num="294" count="0" type="stmt"/>
      <line num="295" count="0" type="stmt"/>
      <line num="296" count="0" type="stmt"/>
      <line num="297" count="0" type="stmt"/>
      <line num="298" count="0" type="cond" truecount="0" falsecount="4"/>
      <line num="299" count="0" type="stmt"/>
      <line num="300" count="0" type="stmt"/>
      <line num="301" count="0" type="stmt"/>
      <line num="302" count="0" type="stmt"/>
      <line num="304" count="0" type="stmt"/>
      <line num="309" count="58" type="stmt"/>
      <line num="310" count="3" type="stmt"/>
      <line num="311" count="3" type="stmt"/>
      <line num="312" count="3" type="stmt"/>
      <line num="314" count="3" type="cond" truecount="4" falsecount="1"/>
      <line num="315" count="3" type="stmt"/>
      <line num="316" count="3" type="stmt"/>
      <line num="317" count="3" type="stmt"/>
      <line num="318" count="3" type="stmt"/>
      <line num="319" count="3" type="stmt"/>
      <line num="320" count="3" type="stmt"/>
      <line num="325" count="58" type="stmt"/>
      <line num="326" count="1" type="cond" truecount="4" falsecount="1"/>
      <line num="327" count="1" type="stmt"/>
      <line num="328" count="1" type="cond" truecount="1" falsecount="1"/>
      <line num="329" count="1" type="stmt"/>
      <line num="330" count="1" type="stmt"/>
      <line num="331" count="1" type="stmt"/>
      <line num="332" count="1" type="stmt"/>
      <line num="338" count="58" type="stmt"/>
      <line num="339" count="56" type="stmt"/>
      <line num="340" count="56" type="cond" truecount="1" falsecount="1"/>
      <line num="341" count="56" type="stmt"/>
      <line num="342" count="56" type="cond" truecount="1" falsecount="1"/>
      <line num="343" count="56" type="stmt"/>
      <line num="344" count="56" type="stmt"/>
      <line num="345" count="56" type="stmt"/>
      <line num="347" count="56" type="stmt"/>
      <line num="348" count="56" type="stmt"/>
      <line num="350" count="56" type="stmt"/>
      <line num="351" count="2352" type="cond" truecount="2" falsecount="0"/>
      <line num="352" count="2203" type="cond" truecount="4" falsecount="0"/>
      <line num="353" count="1683" type="cond" truecount="2" falsecount="0"/>
      <line num="354" count="1626" type="cond" truecount="4" falsecount="0"/>
      <line num="355" count="1120" type="cond" truecount="2" falsecount="0"/>
      <line num="356" count="1064" type="cond" truecount="4" falsecount="0"/>
      <line num="357" count="560" type="cond" truecount="2" falsecount="0"/>
      <line num="358" count="504" type="cond" truecount="3" falsecount="1"/>
      <line num="361" count="56" type="stmt"/>
      <line num="362" count="2240" type="stmt"/>
      <line num="364" count="2240" type="stmt"/>
      <line num="365" count="2240" type="stmt"/>
      <line num="366" count="2240" type="stmt"/>
      <line num="367" count="2240" type="stmt"/>
      <line num="368" count="2240" type="stmt"/>
      <line num="371" count="2240" type="cond" truecount="2" falsecount="0"/>
      <line num="372" count="1232" type="stmt"/>
      <line num="373" count="1232" type="cond" truecount="4" falsecount="0"/>
      <line num="374" count="952" type="cond" truecount="4" falsecount="0"/>
      <line num="375" count="616" type="cond" truecount="4" falsecount="0"/>
      <line num="376" count="280" type="cond" truecount="3" falsecount="1"/>
      <line num="380" count="2240" type="stmt"/>
      <line num="381" count="2240" type="stmt"/>
      <line num="382" count="2240" type="stmt"/>
      <line num="383" count="2240" type="stmt"/>
      <line num="385" count="2240" type="cond" truecount="2" falsecount="0"/>
      <line num="386" count="56" type="stmt"/>
      <line num="387" count="56" type="stmt"/>
      <line num="388" count="56" type="stmt"/>
      <line num="389" count="2184" type="cond" truecount="2" falsecount="0"/>
      <line num="390" count="56" type="stmt"/>
      <line num="391" count="56" type="stmt"/>
      <line num="392" count="56" type="stmt"/>
      <line num="393" count="2128" type="cond" truecount="2" falsecount="0"/>
      <line num="394" count="56" type="stmt"/>
      <line num="395" count="56" type="stmt"/>
      <line num="396" count="2072" type="cond" truecount="2" falsecount="0"/>
      <line num="397" count="56" type="stmt"/>
      <line num="398" count="56" type="stmt"/>
      <line num="400" count="2016" type="stmt"/>
      <line num="401" count="2016" type="cond" truecount="4" falsecount="0"/>
      <line num="402" count="504" type="cond" truecount="1" falsecount="1"/>
      <line num="403" count="504" type="cond" truecount="2" falsecount="0"/>
      <line num="404" count="504" type="cond" truecount="2" falsecount="0"/>
      <line num="405" count="1512" type="cond" truecount="4" falsecount="0"/>
      <line num="406" count="504" type="stmt"/>
      <line num="407" count="504" type="stmt"/>
      <line num="408" count="504" type="cond" truecount="1" falsecount="1"/>
      <line num="409" count="504" type="cond" truecount="1" falsecount="1"/>
      <line num="410" count="1008" type="cond" truecount="4" falsecount="0"/>
      <line num="411" count="504" type="cond" truecount="1" falsecount="1"/>
      <line num="412" count="504" type="cond" truecount="2" falsecount="0"/>
      <line num="413" count="504" type="cond" truecount="3" falsecount="1"/>
      <line num="414" count="504" type="stmt"/>
      <line num="415" count="504" type="stmt"/>
      <line num="416" count="504" type="cond" truecount="1" falsecount="1"/>
      <line num="417" count="504" type="cond" truecount="2" falsecount="0"/>
      <line num="420" count="2240" type="stmt"/>
      <line num="423" count="2240" type="stmt"/>
      <line num="424" count="2240" type="cond" truecount="2" falsecount="0"/>
      <line num="425" count="20" type="stmt"/>
      <line num="426" count="20" type="stmt"/>
      <line num="427" count="20" type="stmt"/>
      <line num="428" count="20" type="cond" truecount="2" falsecount="0"/>
      <line num="429" count="6" type="stmt"/>
      <line num="430" count="6" type="stmt"/>
      <line num="436" count="56" type="stmt"/>
      <line num="437" count="56" type="stmt"/>
      <line num="438" count="56" type="stmt"/>
      <line num="439" count="56" type="stmt"/>
      <line num="440" count="56" type="stmt"/>
      <line num="441" count="56" type="stmt"/>
      <line num="442" count="56" type="stmt"/>
      <line num="443" count="56" type="stmt"/>
      <line num="444" count="56" type="stmt"/>
      <line num="445" count="56" type="stmt"/>
      <line num="446" count="56" type="stmt"/>
      <line num="447" count="56" type="stmt"/>
      <line num="448" count="56" type="stmt"/>
      <line num="451" count="56" type="stmt"/>
      <line num="452" count="112" type="stmt"/>
      <line num="453" count="112" type="stmt"/>
      <line num="454" count="112" type="cond" truecount="2" falsecount="0"/>
      <line num="455" count="112" type="stmt"/>
      <line num="457" count="112" type="stmt"/>
      <line num="458" count="112" type="stmt"/>
      <line num="459" count="112" type="stmt"/>
      <line num="460" count="112" type="stmt"/>
      <line num="465" count="58" type="stmt"/>
      <line num="466" count="58" type="stmt"/>
      <line num="468" count="58" type="stmt"/>
      <line num="498" count="8" type="stmt"/>
      <line num="526" count="0" type="stmt"/>
      <line num="550" count="0" type="stmt"/>
      <line num="553" count="0" type="stmt"/>
      <line num="556" count="0" type="stmt"/>
      <line num="573" count="116" type="stmt"/>
      <line num="574" count="116" type="stmt"/>
      <line num="658" count="20" type="stmt"/>
      <line num="660" count="22" type="stmt"/>
      <line num="661" count="16" type="stmt"/>
      <line num="669" count="3" type="stmt"/>
      <line num="680" count="20" type="cond" truecount="2" falsecount="0"/>
      <line num="700" count="58" type="stmt"/>
    </file>
  </project>
</coverage>
