{"C:\\Users\\Sharoun Rajak\\our-game-night\\client\\src\\pages\\MonopolyGame.jsx": {"path":"C:\\Users\\Sharoun Rajak\\our-game-night\\client\\src\\pages\\MonopolyGame.jsx","statementMap":{"0":{"start":{"line":9,"column":21},"end":{"line":57,"column":null}},"1":{"start":{"line":59,"column":19},"end":{"line":59,"column":null}},"2":{"start":{"line":64,"column":0},"end":{"line":70,"column":null}},"3":{"start":{"line":65,"column":2},"end":{"line":67,"column":null}},"4":{"start":{"line":66,"column":4},"end":{"line":66,"column":null}},"5":{"start":{"line":69,"column":2},"end":{"line":69,"column":null}},"6":{"start":{"line":69,"column":15},"end":{"line":69,"column":null}},"7":{"start":{"line":71,"column":19},"end":{"line":71,"column":29}},"8":{"start":{"line":72,"column":25},"end":{"line":72,"column":41}},"9":{"start":{"line":73,"column":24},"end":{"line":73,"column":null}},"10":{"start":{"line":74,"column":20},"end":{"line":74,"column":null}},"11":{"start":{"line":77,"column":38},"end":{"line":77,"column":null}},"12":{"start":{"line":78,"column":36},"end":{"line":78,"column":null}},"13":{"start":{"line":79,"column":38},"end":{"line":79,"column":null}},"14":{"start":{"line":80,"column":50},"end":{"line":80,"column":null}},"15":{"start":{"line":81,"column":40},"end":{"line":81,"column":null}},"16":{"start":{"line":82,"column":48},"end":{"line":82,"column":null}},"17":{"start":{"line":85,"column":42},"end":{"line":85,"column":null}},"18":{"start":{"line":88,"column":36},"end":{"line":100,"column":null}},"19":{"start":{"line":102,"column":52},"end":{"line":102,"column":null}},"20":{"start":{"line":105,"column":2},"end":{"line":110,"column":null}},"21":{"start":{"line":106,"column":10},"end":{"line":106,"column":null}},"22":{"start":{"line":106,"column":31},"end":{"line":106,"column":null}},"23":{"start":{"line":107,"column":4},"end":{"line":107,"column":null}},"24":{"start":{"line":108,"column":4},"end":{"line":108,"column":null}},"25":{"start":{"line":109,"column":4},"end":{"line":109,"column":null}},"26":{"start":{"line":109,"column":17},"end":{"line":109,"column":null}},"27":{"start":{"line":113,"column":2},"end":{"line":120,"column":null}},"28":{"start":{"line":114,"column":4},"end":{"line":119,"column":null}},"29":{"start":{"line":115,"column":6},"end":{"line":118,"column":null}},"30":{"start":{"line":123,"column":2},"end":{"line":127,"column":null}},"31":{"start":{"line":124,"column":4},"end":{"line":124,"column":null}},"32":{"start":{"line":124,"column":17},"end":{"line":124,"column":null}},"33":{"start":{"line":125,"column":4},"end":{"line":125,"column":null}},"34":{"start":{"line":125,"column":53},"end":{"line":125,"column":75}},"35":{"start":{"line":126,"column":4},"end":{"line":126,"column":null}},"36":{"start":{"line":126,"column":17},"end":{"line":126,"column":null}},"37":{"start":{"line":129,"column":8},"end":{"line":133,"column":null}},"38":{"start":{"line":130,"column":4},"end":{"line":130,"column":null}},"39":{"start":{"line":132,"column":4},"end":{"line":132,"column":null}},"40":{"start":{"line":132,"column":24},"end":{"line":132,"column":null}},"41":{"start":{"line":135,"column":8},"end":{"line":143,"column":null}},"42":{"start":{"line":136,"column":15},"end":{"line":136,"column":null}},"43":{"start":{"line":137,"column":17},"end":{"line":137,"column":null}},"44":{"start":{"line":138,"column":18},"end":{"line":138,"column":null}},"45":{"start":{"line":139,"column":4},"end":{"line":139,"column":null}},"46":{"start":{"line":139,"column":27},"end":{"line":139,"column":67}},"47":{"start":{"line":140,"column":4},"end":{"line":142,"column":null}},"48":{"start":{"line":141,"column":6},"end":{"line":141,"column":null}},"49":{"start":{"line":141,"column":29},"end":{"line":141,"column":58}},"50":{"start":{"line":141,"column":46},"end":{"line":141,"column":57}},"51":{"start":{"line":146,"column":8},"end":{"line":160,"column":null}},"52":{"start":{"line":147,"column":4},"end":{"line":147,"column":null}},"53":{"start":{"line":148,"column":22},"end":{"line":148,"column":null}},"54":{"start":{"line":149,"column":21},"end":{"line":159,"column":null}},"55":{"start":{"line":150,"column":6},"end":{"line":150,"column":null}},"56":{"start":{"line":151,"column":12},"end":{"line":151,"column":null}},"57":{"start":{"line":152,"column":6},"end":{"line":152,"column":null}},"58":{"start":{"line":152,"column":36},"end":{"line":152,"column":69}},"59":{"start":{"line":154,"column":6},"end":{"line":158,"column":null}},"60":{"start":{"line":155,"column":8},"end":{"line":155,"column":null}},"61":{"start":{"line":156,"column":8},"end":{"line":156,"column":null}},"62":{"start":{"line":157,"column":8},"end":{"line":157,"column":null}},"63":{"start":{"line":163,"column":8},"end":{"line":227,"column":null}},"64":{"start":{"line":164,"column":4},"end":{"line":164,"column":null}},"65":{"start":{"line":164,"column":98},"end":{"line":164,"column":null}},"66":{"start":{"line":165,"column":4},"end":{"line":165,"column":null}},"67":{"start":{"line":167,"column":25},"end":{"line":169,"column":null}},"68":{"start":{"line":168,"column":6},"end":{"line":168,"column":null}},"69":{"start":{"line":171,"column":4},"end":{"line":226,"column":null}},"70":{"start":{"line":172,"column":6},"end":{"line":172,"column":null}},"71":{"start":{"line":173,"column":17},"end":{"line":173,"column":null}},"72":{"start":{"line":174,"column":17},"end":{"line":174,"column":null}},"73":{"start":{"line":175,"column":20},"end":{"line":175,"column":null}},"74":{"start":{"line":176,"column":6},"end":{"line":176,"column":null}},"75":{"start":{"line":177,"column":6},"end":{"line":177,"column":null}},"76":{"start":{"line":179,"column":20},"end":{"line":179,"column":null}},"77":{"start":{"line":180,"column":21},"end":{"line":180,"column":null}},"78":{"start":{"line":181,"column":16},"end":{"line":181,"column":null}},"79":{"start":{"line":182,"column":23},"end":{"line":182,"column":null}},"80":{"start":{"line":184,"column":6},"end":{"line":184,"column":null}},"81":{"start":{"line":185,"column":6},"end":{"line":185,"column":null}},"82":{"start":{"line":187,"column":6},"end":{"line":225,"column":null}},"83":{"start":{"line":188,"column":12},"end":{"line":188,"column":null}},"84":{"start":{"line":189,"column":8},"end":{"line":193,"column":null}},"85":{"start":{"line":190,"column":10},"end":{"line":190,"column":null}},"86":{"start":{"line":191,"column":10},"end":{"line":191,"column":null}},"87":{"start":{"line":192,"column":10},"end":{"line":192,"column":null}},"88":{"start":{"line":194,"column":8},"end":{"line":194,"column":null}},"89":{"start":{"line":195,"column":22},"end":{"line":195,"column":null}},"90":{"start":{"line":196,"column":8},"end":{"line":196,"column":null}},"91":{"start":{"line":198,"column":8},"end":{"line":223,"column":null}},"92":{"start":{"line":199,"column":10},"end":{"line":199,"column":null}},"93":{"start":{"line":200,"column":10},"end":{"line":200,"column":null}},"94":{"start":{"line":201,"column":15},"end":{"line":223,"column":null}},"95":{"start":{"line":202,"column":10},"end":{"line":202,"column":null}},"96":{"start":{"line":203,"column":10},"end":{"line":203,"column":null}},"97":{"start":{"line":204,"column":10},"end":{"line":204,"column":null}},"98":{"start":{"line":205,"column":15},"end":{"line":223,"column":null}},"99":{"start":{"line":206,"column":25},"end":{"line":206,"column":null}},"100":{"start":{"line":207,"column":10},"end":{"line":207,"column":null}},"101":{"start":{"line":208,"column":10},"end":{"line":208,"column":null}},"102":{"start":{"line":209,"column":10},"end":{"line":209,"column":null}},"103":{"start":{"line":210,"column":10},"end":{"line":210,"column":null}},"104":{"start":{"line":211,"column":15},"end":{"line":223,"column":null}},"105":{"start":{"line":212,"column":23},"end":{"line":212,"column":null}},"106":{"start":{"line":213,"column":10},"end":{"line":222,"column":null}},"107":{"start":{"line":214,"column":12},"end":{"line":214,"column":null}},"108":{"start":{"line":215,"column":17},"end":{"line":222,"column":null}},"109":{"start":{"line":216,"column":29},"end":{"line":216,"column":null}},"110":{"start":{"line":217,"column":12},"end":{"line":217,"column":null}},"111":{"start":{"line":218,"column":12},"end":{"line":218,"column":null}},"112":{"start":{"line":219,"column":12},"end":{"line":219,"column":null}},"113":{"start":{"line":220,"column":12},"end":{"line":220,"column":null}},"114":{"start":{"line":221,"column":12},"end":{"line":221,"column":null}},"115":{"start":{"line":224,"column":8},"end":{"line":224,"column":null}},"116":{"start":{"line":230,"column":8},"end":{"line":245,"column":null}},"117":{"start":{"line":231,"column":4},"end":{"line":231,"column":null}},"118":{"start":{"line":231,"column":36},"end":{"line":231,"column":null}},"119":{"start":{"line":232,"column":18},"end":{"line":232,"column":null}},"120":{"start":{"line":233,"column":19},"end":{"line":233,"column":null}},"121":{"start":{"line":234,"column":14},"end":{"line":234,"column":null}},"122":{"start":{"line":235,"column":18},"end":{"line":235,"column":null}},"123":{"start":{"line":237,"column":4},"end":{"line":243,"column":null}},"124":{"start":{"line":238,"column":6},"end":{"line":238,"column":null}},"125":{"start":{"line":239,"column":6},"end":{"line":239,"column":null}},"126":{"start":{"line":240,"column":6},"end":{"line":240,"column":null}},"127":{"start":{"line":241,"column":6},"end":{"line":241,"column":null}},"128":{"start":{"line":242,"column":6},"end":{"line":242,"column":null}},"129":{"start":{"line":244,"column":4},"end":{"line":244,"column":null}},"130":{"start":{"line":248,"column":8},"end":{"line":261,"column":null}},"131":{"start":{"line":249,"column":4},"end":{"line":249,"column":null}},"132":{"start":{"line":249,"column":36},"end":{"line":249,"column":null}},"133":{"start":{"line":250,"column":17},"end":{"line":250,"column":null}},"134":{"start":{"line":251,"column":4},"end":{"line":256,"column":null}},"135":{"start":{"line":257,"column":18},"end":{"line":257,"column":null}},"136":{"start":{"line":258,"column":4},"end":{"line":258,"column":null}},"137":{"start":{"line":259,"column":4},"end":{"line":259,"column":null}},"138":{"start":{"line":260,"column":4},"end":{"line":260,"column":null}},"139":{"start":{"line":264,"column":8},"end":{"line":278,"column":null}},"140":{"start":{"line":265,"column":4},"end":{"line":265,"column":null}},"141":{"start":{"line":265,"column":23},"end":{"line":265,"column":null}},"142":{"start":{"line":266,"column":19},"end":{"line":266,"column":null}},"143":{"start":{"line":267,"column":4},"end":{"line":267,"column":null}},"144":{"start":{"line":267,"column":52},"end":{"line":267,"column":null}},"145":{"start":{"line":269,"column":4},"end":{"line":273,"column":null}},"146":{"start":{"line":269,"column":29},"end":{"line":273,"column":6}},"147":{"start":{"line":275,"column":18},"end":{"line":275,"column":null}},"148":{"start":{"line":276,"column":4},"end":{"line":276,"column":null}},"149":{"start":{"line":277,"column":4},"end":{"line":277,"column":null}},"150":{"start":{"line":281,"column":8},"end":{"line":306,"column":null}},"151":{"start":{"line":282,"column":4},"end":{"line":282,"column":null}},"152":{"start":{"line":282,"column":23},"end":{"line":282,"column":null}},"153":{"start":{"line":283,"column":22},"end":{"line":283,"column":null}},"154":{"start":{"line":283,"column":62},"end":{"line":283,"column":77}},"155":{"start":{"line":285,"column":4},"end":{"line":305,"column":null}},"156":{"start":{"line":287,"column":23},"end":{"line":287,"column":null}},"157":{"start":{"line":288,"column":25},"end":{"line":288,"column":null}},"158":{"start":{"line":289,"column":19},"end":{"line":289,"column":null}},"159":{"start":{"line":291,"column":20},"end":{"line":291,"column":null}},"160":{"start":{"line":292,"column":6},"end":{"line":292,"column":null}},"161":{"start":{"line":293,"column":6},"end":{"line":293,"column":null}},"162":{"start":{"line":294,"column":6},"end":{"line":294,"column":null}},"163":{"start":{"line":295,"column":6},"end":{"line":295,"column":null}},"164":{"start":{"line":296,"column":6},"end":{"line":296,"column":null}},"165":{"start":{"line":297,"column":6},"end":{"line":297,"column":null}},"166":{"start":{"line":298,"column":11},"end":{"line":305,"column":null}},"167":{"start":{"line":299,"column":20},"end":{"line":299,"column":null}},"168":{"start":{"line":300,"column":6},"end":{"line":300,"column":null}},"169":{"start":{"line":301,"column":6},"end":{"line":301,"column":null}},"170":{"start":{"line":302,"column":6},"end":{"line":302,"column":null}},"171":{"start":{"line":304,"column":6},"end":{"line":304,"column":null}},"172":{"start":{"line":304,"column":31},"end":{"line":304,"column":69}},"173":{"start":{"line":309,"column":8},"end":{"line":322,"column":null}},"174":{"start":{"line":310,"column":18},"end":{"line":310,"column":null}},"175":{"start":{"line":311,"column":17},"end":{"line":311,"column":null}},"176":{"start":{"line":312,"column":18},"end":{"line":312,"column":null}},"177":{"start":{"line":312,"column":41},"end":{"line":312,"column":67}},"178":{"start":{"line":314,"column":4},"end":{"line":321,"column":null}},"179":{"start":{"line":315,"column":21},"end":{"line":315,"column":null}},"180":{"start":{"line":316,"column":6},"end":{"line":316,"column":null}},"181":{"start":{"line":317,"column":6},"end":{"line":317,"column":null}},"182":{"start":{"line":318,"column":6},"end":{"line":318,"column":null}},"183":{"start":{"line":319,"column":6},"end":{"line":319,"column":null}},"184":{"start":{"line":320,"column":6},"end":{"line":320,"column":null}},"185":{"start":{"line":325,"column":8},"end":{"line":333,"column":null}},"186":{"start":{"line":326,"column":4},"end":{"line":326,"column":null}},"187":{"start":{"line":326,"column":86},"end":{"line":326,"column":null}},"188":{"start":{"line":327,"column":18},"end":{"line":327,"column":null}},"189":{"start":{"line":328,"column":4},"end":{"line":328,"column":null}},"190":{"start":{"line":329,"column":4},"end":{"line":329,"column":null}},"191":{"start":{"line":330,"column":4},"end":{"line":330,"column":null}},"192":{"start":{"line":331,"column":4},"end":{"line":331,"column":null}},"193":{"start":{"line":332,"column":4},"end":{"line":332,"column":null}},"194":{"start":{"line":338,"column":2},"end":{"line":463,"column":null}},"195":{"start":{"line":339,"column":19},"end":{"line":339,"column":null}},"196":{"start":{"line":340,"column":4},"end":{"line":340,"column":null}},"197":{"start":{"line":340,"column":17},"end":{"line":340,"column":null}},"198":{"start":{"line":341,"column":16},"end":{"line":341,"column":null}},"199":{"start":{"line":342,"column":4},"end":{"line":342,"column":null}},"200":{"start":{"line":342,"column":14},"end":{"line":342,"column":null}},"201":{"start":{"line":343,"column":17},"end":{"line":343,"column":null}},"202":{"start":{"line":344,"column":23},"end":{"line":344,"column":null}},"203":{"start":{"line":345,"column":10},"end":{"line":345,"column":null}},"204":{"start":{"line":347,"column":4},"end":{"line":347,"column":null}},"205":{"start":{"line":348,"column":4},"end":{"line":348,"column":null}},"206":{"start":{"line":350,"column":10},"end":{"line":359,"column":null}},"207":{"start":{"line":351,"column":6},"end":{"line":351,"column":null}},"208":{"start":{"line":351,"column":19},"end":{"line":351,"column":null}},"209":{"start":{"line":352,"column":6},"end":{"line":352,"column":null}},"210":{"start":{"line":352,"column":27},"end":{"line":352,"column":null}},"211":{"start":{"line":353,"column":6},"end":{"line":353,"column":null}},"212":{"start":{"line":353,"column":20},"end":{"line":353,"column":null}},"213":{"start":{"line":354,"column":6},"end":{"line":354,"column":null}},"214":{"start":{"line":354,"column":28},"end":{"line":354,"column":null}},"215":{"start":{"line":355,"column":6},"end":{"line":355,"column":null}},"216":{"start":{"line":355,"column":20},"end":{"line":355,"column":null}},"217":{"start":{"line":356,"column":6},"end":{"line":356,"column":null}},"218":{"start":{"line":356,"column":28},"end":{"line":356,"column":null}},"219":{"start":{"line":357,"column":6},"end":{"line":357,"column":null}},"220":{"start":{"line":357,"column":20},"end":{"line":357,"column":null}},"221":{"start":{"line":358,"column":6},"end":{"line":358,"column":null}},"222":{"start":{"line":358,"column":28},"end":{"line":358,"column":null}},"223":{"start":{"line":361,"column":4},"end":{"line":433,"column":null}},"224":{"start":{"line":362,"column":19},"end":{"line":362,"column":null}},"225":{"start":{"line":364,"column":6},"end":{"line":364,"column":null}},"226":{"start":{"line":365,"column":6},"end":{"line":365,"column":null}},"227":{"start":{"line":366,"column":6},"end":{"line":366,"column":null}},"228":{"start":{"line":367,"column":6},"end":{"line":367,"column":null}},"229":{"start":{"line":368,"column":6},"end":{"line":368,"column":null}},"230":{"start":{"line":371,"column":6},"end":{"line":377,"column":null}},"231":{"start":{"line":372,"column":8},"end":{"line":372,"column":null}},"232":{"start":{"line":373,"column":8},"end":{"line":376,"column":null}},"233":{"start":{"line":373,"column":43},"end":{"line":373,"column":null}},"234":{"start":{"line":374,"column":13},"end":{"line":376,"column":null}},"235":{"start":{"line":374,"column":49},"end":{"line":374,"column":null}},"236":{"start":{"line":375,"column":13},"end":{"line":376,"column":null}},"237":{"start":{"line":375,"column":49},"end":{"line":375,"column":null}},"238":{"start":{"line":376,"column":13},"end":{"line":376,"column":null}},"239":{"start":{"line":376,"column":49},"end":{"line":376,"column":null}},"240":{"start":{"line":380,"column":6},"end":{"line":380,"column":null}},"241":{"start":{"line":381,"column":6},"end":{"line":381,"column":null}},"242":{"start":{"line":382,"column":6},"end":{"line":382,"column":null}},"243":{"start":{"line":383,"column":6},"end":{"line":383,"column":null}},"244":{"start":{"line":385,"column":6},"end":{"line":419,"column":null}},"245":{"start":{"line":386,"column":8},"end":{"line":386,"column":null}},"246":{"start":{"line":387,"column":8},"end":{"line":387,"column":null}},"247":{"start":{"line":388,"column":8},"end":{"line":388,"column":null}},"248":{"start":{"line":389,"column":13},"end":{"line":419,"column":null}},"249":{"start":{"line":390,"column":8},"end":{"line":390,"column":null}},"250":{"start":{"line":391,"column":8},"end":{"line":391,"column":null}},"251":{"start":{"line":392,"column":8},"end":{"line":392,"column":null}},"252":{"start":{"line":393,"column":13},"end":{"line":419,"column":null}},"253":{"start":{"line":394,"column":8},"end":{"line":394,"column":null}},"254":{"start":{"line":395,"column":8},"end":{"line":395,"column":null}},"255":{"start":{"line":396,"column":13},"end":{"line":419,"column":null}},"256":{"start":{"line":397,"column":8},"end":{"line":397,"column":null}},"257":{"start":{"line":398,"column":8},"end":{"line":398,"column":null}},"258":{"start":{"line":400,"column":22},"end":{"line":400,"column":null}},"259":{"start":{"line":401,"column":8},"end":{"line":418,"column":null}},"260":{"start":{"line":402,"column":10},"end":{"line":402,"column":null}},"261":{"start":{"line":403,"column":10},"end":{"line":403,"column":null}},"262":{"start":{"line":403,"column":24},"end":{"line":403,"column":null}},"263":{"start":{"line":404,"column":10},"end":{"line":404,"column":null}},"264":{"start":{"line":404,"column":31},"end":{"line":404,"column":null}},"265":{"start":{"line":405,"column":15},"end":{"line":418,"column":null}},"266":{"start":{"line":406,"column":10},"end":{"line":406,"column":null}},"267":{"start":{"line":407,"column":10},"end":{"line":407,"column":null}},"268":{"start":{"line":408,"column":10},"end":{"line":408,"column":null}},"269":{"start":{"line":409,"column":10},"end":{"line":409,"column":null}},"270":{"start":{"line":409,"column":24},"end":{"line":409,"column":null}},"271":{"start":{"line":410,"column":15},"end":{"line":418,"column":null}},"272":{"start":{"line":411,"column":10},"end":{"line":411,"column":null}},"273":{"start":{"line":412,"column":10},"end":{"line":412,"column":null}},"274":{"start":{"line":412,"column":24},"end":{"line":412,"column":null}},"275":{"start":{"line":413,"column":15},"end":{"line":418,"column":null}},"276":{"start":{"line":414,"column":10},"end":{"line":414,"column":null}},"277":{"start":{"line":415,"column":10},"end":{"line":415,"column":null}},"278":{"start":{"line":416,"column":10},"end":{"line":416,"column":null}},"279":{"start":{"line":417,"column":10},"end":{"line":417,"column":null}},"280":{"start":{"line":417,"column":24},"end":{"line":417,"column":null}},"281":{"start":{"line":420,"column":6},"end":{"line":420,"column":null}},"282":{"start":{"line":423,"column":19},"end":{"line":423,"column":null}},"283":{"start":{"line":424,"column":6},"end":{"line":432,"column":null}},"284":{"start":{"line":425,"column":8},"end":{"line":425,"column":null}},"285":{"start":{"line":426,"column":8},"end":{"line":426,"column":null}},"286":{"start":{"line":427,"column":8},"end":{"line":427,"column":null}},"287":{"start":{"line":428,"column":8},"end":{"line":431,"column":null}},"288":{"start":{"line":429,"column":10},"end":{"line":429,"column":null}},"289":{"start":{"line":430,"column":10},"end":{"line":430,"column":null}},"290":{"start":{"line":436,"column":4},"end":{"line":436,"column":null}},"291":{"start":{"line":437,"column":4},"end":{"line":437,"column":null}},"292":{"start":{"line":438,"column":4},"end":{"line":438,"column":null}},"293":{"start":{"line":439,"column":4},"end":{"line":439,"column":null}},"294":{"start":{"line":440,"column":4},"end":{"line":440,"column":null}},"295":{"start":{"line":441,"column":4},"end":{"line":441,"column":null}},"296":{"start":{"line":442,"column":4},"end":{"line":442,"column":null}},"297":{"start":{"line":443,"column":4},"end":{"line":443,"column":null}},"298":{"start":{"line":444,"column":4},"end":{"line":444,"column":null}},"299":{"start":{"line":445,"column":4},"end":{"line":445,"column":null}},"300":{"start":{"line":446,"column":4},"end":{"line":446,"column":null}},"301":{"start":{"line":447,"column":4},"end":{"line":447,"column":null}},"302":{"start":{"line":448,"column":4},"end":{"line":448,"column":null}},"303":{"start":{"line":451,"column":4},"end":{"line":461,"column":null}},"304":{"start":{"line":452,"column":19},"end":{"line":452,"column":null}},"305":{"start":{"line":453,"column":21},"end":{"line":453,"column":null}},"306":{"start":{"line":454,"column":22},"end":{"line":454,"column":null}},"307":{"start":{"line":455,"column":22},"end":{"line":455,"column":null}},"308":{"start":{"line":457,"column":6},"end":{"line":457,"column":null}},"309":{"start":{"line":458,"column":6},"end":{"line":458,"column":null}},"310":{"start":{"line":459,"column":6},"end":{"line":459,"column":null}},"311":{"start":{"line":460,"column":6},"end":{"line":460,"column":null}},"312":{"start":{"line":465,"column":21},"end":{"line":465,"column":null}},"313":{"start":{"line":466,"column":17},"end":{"line":466,"column":null}},"314":{"start":{"line":468,"column":2},"end":{"line":716,"column":null}},"315":{"start":{"line":498,"column":10},"end":{"line":504,"column":null}},"316":{"start":{"line":526,"column":35},"end":{"line":526,"column":61}},"317":{"start":{"line":550,"column":39},"end":{"line":550,"column":68}},"318":{"start":{"line":553,"column":39},"end":{"line":553,"column":68}},"319":{"start":{"line":556,"column":39},"end":{"line":556,"column":63}},"320":{"start":{"line":573,"column":25},"end":{"line":573,"column":null}},"321":{"start":{"line":574,"column":12},"end":{"line":586,"column":null}},"322":{"start":{"line":658,"column":25},"end":{"line":658,"column":53}},"323":{"start":{"line":660,"column":30},"end":{"line":660,"column":null}},"324":{"start":{"line":660,"column":53},"end":{"line":660,"column":79}},"325":{"start":{"line":661,"column":16},"end":{"line":677,"column":null}},"326":{"start":{"line":669,"column":39},"end":{"line":669,"column":null}},"327":{"start":{"line":680,"column":61},"end":{"line":680,"column":86}},"328":{"start":{"line":700,"column":16},"end":{"line":709,"column":null}}},"fnMap":{"0":{"name":"MonopolyGame","decl":{"start":{"line":61,"column":24},"end":{"line":61,"column":37}},"loc":{"start":{"line":61,"column":49},"end":{"line":718,"column":null}},"line":61},"1":{"name":"(anonymous_1)","decl":{"start":{"line":64,"column":0},"end":{"line":64,"column":16}},"loc":{"start":{"line":64,"column":16},"end":{"line":70,"column":3}},"line":64},"2":{"name":"(anonymous_2)","decl":{"start":{"line":65,"column":12},"end":{"line":65,"column":38}},"loc":{"start":{"line":65,"column":51},"end":{"line":67,"column":3}},"line":65},"3":{"name":"(anonymous_3)","decl":{"start":{"line":69,"column":2},"end":{"line":69,"column":15}},"loc":{"start":{"line":69,"column":15},"end":{"line":69,"column":null}},"line":69},"4":{"name":"(anonymous_4)","decl":{"start":{"line":105,"column":2},"end":{"line":105,"column":18}},"loc":{"start":{"line":105,"column":18},"end":{"line":110,"column":5}},"line":105},"5":{"name":"(anonymous_5)","decl":{"start":{"line":106,"column":10},"end":{"line":106,"column":31}},"loc":{"start":{"line":106,"column":31},"end":{"line":106,"column":null}},"line":106},"6":{"name":"(anonymous_6)","decl":{"start":{"line":109,"column":4},"end":{"line":109,"column":17}},"loc":{"start":{"line":109,"column":17},"end":{"line":109,"column":null}},"line":109},"7":{"name":"(anonymous_7)","decl":{"start":{"line":113,"column":2},"end":{"line":113,"column":18}},"loc":{"start":{"line":113,"column":18},"end":{"line":120,"column":5}},"line":113},"8":{"name":"(anonymous_8)","decl":{"start":{"line":123,"column":2},"end":{"line":123,"column":18}},"loc":{"start":{"line":123,"column":18},"end":{"line":127,"column":5}},"line":123},"9":{"name":"(anonymous_9)","decl":{"start":{"line":125,"column":14},"end":{"line":125,"column":40}},"loc":{"start":{"line":125,"column":53},"end":{"line":125,"column":75}},"line":125},"10":{"name":"(anonymous_10)","decl":{"start":{"line":126,"column":4},"end":{"line":126,"column":17}},"loc":{"start":{"line":126,"column":17},"end":{"line":126,"column":null}},"line":126},"11":{"name":"(anonymous_11)","decl":{"start":{"line":129,"column":8},"end":{"line":129,"column":27}},"loc":{"start":{"line":129,"column":44},"end":{"line":133,"column":null}},"line":129},"12":{"name":"(anonymous_12)","decl":{"start":{"line":135,"column":8},"end":{"line":135,"column":29}},"loc":{"start":{"line":135,"column":50},"end":{"line":143,"column":null}},"line":135},"13":{"name":"(anonymous_13)","decl":{"start":{"line":139,"column":4},"end":{"line":139,"column":19}},"loc":{"start":{"line":139,"column":27},"end":{"line":139,"column":67}},"line":139},"14":{"name":"(anonymous_14)","decl":{"start":{"line":140,"column":4},"end":{"line":140,"column":21}},"loc":{"start":{"line":140,"column":21},"end":{"line":142,"column":7}},"line":140},"15":{"name":"(anonymous_15)","decl":{"start":{"line":141,"column":6},"end":{"line":141,"column":21}},"loc":{"start":{"line":141,"column":29},"end":{"line":141,"column":58}},"line":141},"16":{"name":"(anonymous_16)","decl":{"start":{"line":141,"column":34},"end":{"line":141,"column":41}},"loc":{"start":{"line":141,"column":46},"end":{"line":141,"column":57}},"line":141},"17":{"name":"(anonymous_17)","decl":{"start":{"line":146,"column":8},"end":{"line":146,"column":32}},"loc":{"start":{"line":146,"column":77},"end":{"line":160,"column":null}},"line":146},"18":{"name":"(anonymous_18)","decl":{"start":{"line":149,"column":21},"end":{"line":149,"column":39}},"loc":{"start":{"line":149,"column":39},"end":{"line":159,"column":7}},"line":149},"19":{"name":"(anonymous_19)","decl":{"start":{"line":152,"column":6},"end":{"line":152,"column":27}},"loc":{"start":{"line":152,"column":36},"end":{"line":152,"column":69}},"line":152},"20":{"name":"(anonymous_20)","decl":{"start":{"line":163,"column":8},"end":{"line":163,"column":25}},"loc":{"start":{"line":163,"column":25},"end":{"line":227,"column":null}},"line":163},"21":{"name":"(anonymous_21)","decl":{"start":{"line":167,"column":25},"end":{"line":167,"column":43}},"loc":{"start":{"line":167,"column":43},"end":{"line":169,"column":7}},"line":167},"22":{"name":"(anonymous_22)","decl":{"start":{"line":171,"column":4},"end":{"line":171,"column":21}},"loc":{"start":{"line":171,"column":21},"end":{"line":226,"column":7}},"line":171},"23":{"name":"(anonymous_23)","decl":{"start":{"line":187,"column":45},"end":{"line":187,"column":58}},"loc":{"start":{"line":187,"column":58},"end":{"line":225,"column":7}},"line":187},"24":{"name":"(anonymous_24)","decl":{"start":{"line":230,"column":8},"end":{"line":230,"column":28}},"loc":{"start":{"line":230,"column":28},"end":{"line":245,"column":null}},"line":230},"25":{"name":"(anonymous_25)","decl":{"start":{"line":248,"column":8},"end":{"line":248,"column":30}},"loc":{"start":{"line":248,"column":30},"end":{"line":261,"column":null}},"line":248},"26":{"name":"(anonymous_26)","decl":{"start":{"line":264,"column":8},"end":{"line":264,"column":20}},"loc":{"start":{"line":264,"column":44},"end":{"line":278,"column":null}},"line":264},"27":{"name":"(anonymous_27)","decl":{"start":{"line":269,"column":4},"end":{"line":269,"column":20}},"loc":{"start":{"line":269,"column":29},"end":{"line":273,"column":6}},"line":269},"28":{"name":"(anonymous_28)","decl":{"start":{"line":281,"column":8},"end":{"line":281,"column":19}},"loc":{"start":{"line":281,"column":32},"end":{"line":306,"column":null}},"line":281},"29":{"name":"(anonymous_29)","decl":{"start":{"line":283,"column":49},"end":{"line":283,"column":56}},"loc":{"start":{"line":283,"column":62},"end":{"line":283,"column":77}},"line":283},"30":{"name":"(anonymous_30)","decl":{"start":{"line":304,"column":6},"end":{"line":304,"column":22}},"loc":{"start":{"line":304,"column":31},"end":{"line":304,"column":69}},"line":304},"31":{"name":"(anonymous_31)","decl":{"start":{"line":309,"column":8},"end":{"line":309,"column":28}},"loc":{"start":{"line":309,"column":40},"end":{"line":322,"column":null}},"line":309},"32":{"name":"(anonymous_32)","decl":{"start":{"line":312,"column":31},"end":{"line":312,"column":36}},"loc":{"start":{"line":312,"column":41},"end":{"line":312,"column":67}},"line":312},"33":{"name":"(anonymous_33)","decl":{"start":{"line":325,"column":8},"end":{"line":325,"column":24}},"loc":{"start":{"line":325,"column":24},"end":{"line":333,"column":null}},"line":325},"34":{"name":"(anonymous_34)","decl":{"start":{"line":338,"column":2},"end":{"line":338,"column":18}},"loc":{"start":{"line":338,"column":18},"end":{"line":463,"column":5}},"line":338},"35":{"name":"(anonymous_35)","decl":{"start":{"line":350,"column":10},"end":{"line":350,"column":25}},"loc":{"start":{"line":350,"column":31},"end":{"line":359,"column":null}},"line":350},"36":{"name":"(anonymous_36)","decl":{"start":{"line":361,"column":17},"end":{"line":361,"column":26}},"loc":{"start":{"line":361,"column":36},"end":{"line":433,"column":5}},"line":361},"37":{"name":"(anonymous_37)","decl":{"start":{"line":451,"column":38},"end":{"line":451,"column":47}},"loc":{"start":{"line":451,"column":62},"end":{"line":461,"column":5}},"line":451},"38":{"name":"(anonymous_38)","decl":{"start":{"line":497,"column":21},"end":{"line":497,"column":25}},"loc":{"start":{"line":498,"column":10},"end":{"line":504,"column":null}},"line":498},"39":{"name":"(anonymous_39)","decl":{"start":{"line":526,"column":20},"end":{"line":526,"column":35}},"loc":{"start":{"line":526,"column":35},"end":{"line":526,"column":61}},"line":526},"40":{"name":"(anonymous_40)","decl":{"start":{"line":550,"column":24},"end":{"line":550,"column":39}},"loc":{"start":{"line":550,"column":39},"end":{"line":550,"column":68}},"line":550},"41":{"name":"(anonymous_41)","decl":{"start":{"line":553,"column":24},"end":{"line":553,"column":39}},"loc":{"start":{"line":553,"column":39},"end":{"line":553,"column":68}},"line":553},"42":{"name":"(anonymous_42)","decl":{"start":{"line":556,"column":24},"end":{"line":556,"column":39}},"loc":{"start":{"line":556,"column":39},"end":{"line":556,"column":63}},"line":556},"43":{"name":"(anonymous_43)","decl":{"start":{"line":572,"column":44},"end":{"line":572,"column":48}},"loc":{"start":{"line":572,"column":53},"end":{"line":588,"column":11}},"line":572},"44":{"name":"(anonymous_44)","decl":{"start":{"line":658,"column":3},"end":{"line":658,"column":11}},"loc":{"start":{"line":658,"column":25},"end":{"line":658,"column":53}},"line":658},"45":{"name":"(anonymous_45)","decl":{"start":{"line":659,"column":3},"end":{"line":659,"column":8}},"loc":{"start":{"line":659,"column":28},"end":{"line":679,"column":15}},"line":659},"46":{"name":"(anonymous_46)","decl":{"start":{"line":660,"column":43},"end":{"line":660,"column":48}},"loc":{"start":{"line":660,"column":53},"end":{"line":660,"column":79}},"line":660},"47":{"name":"(anonymous_47)","decl":{"start":{"line":669,"column":24},"end":{"line":669,"column":39}},"loc":{"start":{"line":669,"column":39},"end":{"line":669,"column":null}},"line":669},"48":{"name":"(anonymous_48)","decl":{"start":{"line":680,"column":49},"end":{"line":680,"column":56}},"loc":{"start":{"line":680,"column":61},"end":{"line":680,"column":86}},"line":680},"49":{"name":"(anonymous_49)","decl":{"start":{"line":699,"column":30},"end":{"line":699,"column":35}},"loc":{"start":{"line":700,"column":16},"end":{"line":709,"column":null}},"line":700}},"branchMap":{"0":{"loc":{"start":{"line":73,"column":24},"end":{"line":73,"column":null}},"type":"binary-expr","locations":[{"start":{"line":73,"column":24},"end":{"line":73,"column":54}},{"start":{"line":73,"column":54},"end":{"line":73,"column":null}}],"line":73},"1":{"loc":{"start":{"line":106,"column":45},"end":{"line":106,"column":110}},"type":"binary-expr","locations":[{"start":{"line":106,"column":45},"end":{"line":106,"column":87}},{"start":{"line":106,"column":87},"end":{"line":106,"column":110}}],"line":106},"2":{"loc":{"start":{"line":114,"column":4},"end":{"line":119,"column":null}},"type":"if","locations":[{"start":{"line":114,"column":4},"end":{"line":119,"column":null}},{"start":{},"end":{}}],"line":114},"3":{"loc":{"start":{"line":124,"column":4},"end":{"line":124,"column":null}},"type":"if","locations":[{"start":{"line":124,"column":4},"end":{"line":124,"column":null}},{"start":{},"end":{}}],"line":124},"4":{"loc":{"start":{"line":132,"column":4},"end":{"line":132,"column":null}},"type":"if","locations":[{"start":{"line":132,"column":4},"end":{"line":132,"column":null}},{"start":{},"end":{}}],"line":132},"5":{"loc":{"start":{"line":132,"column":8},"end":{"line":132,"column":24}},"type":"binary-expr","locations":[{"start":{"line":132,"column":8},"end":{"line":132,"column":18}},{"start":{"line":132,"column":18},"end":{"line":132,"column":24}}],"line":132},"6":{"loc":{"start":{"line":137,"column":17},"end":{"line":137,"column":null}},"type":"cond-expr","locations":[{"start":{"line":137,"column":31},"end":{"line":137,"column":47}},{"start":{"line":137,"column":47},"end":{"line":137,"column":null}}],"line":137},"7":{"loc":{"start":{"line":138,"column":18},"end":{"line":138,"column":null}},"type":"cond-expr","locations":[{"start":{"line":138,"column":32},"end":{"line":138,"column":44}},{"start":{"line":138,"column":44},"end":{"line":138,"column":null}}],"line":138},"8":{"loc":{"start":{"line":154,"column":6},"end":{"line":158,"column":null}},"type":"if","locations":[{"start":{"line":154,"column":6},"end":{"line":158,"column":null}},{"start":{},"end":{}}],"line":154},"9":{"loc":{"start":{"line":164,"column":4},"end":{"line":164,"column":null}},"type":"if","locations":[{"start":{"line":164,"column":4},"end":{"line":164,"column":null}},{"start":{},"end":{}}],"line":164},"10":{"loc":{"start":{"line":164,"column":8},"end":{"line":164,"column":98}},"type":"binary-expr","locations":[{"start":{"line":164,"column":8},"end":{"line":164,"column":31}},{"start":{"line":164,"column":31},"end":{"line":164,"column":44}},{"start":{"line":164,"column":44},"end":{"line":164,"column":64}},{"start":{"line":164,"column":64},"end":{"line":164,"column":98}}],"line":164},"11":{"loc":{"start":{"line":189,"column":8},"end":{"line":193,"column":null}},"type":"if","locations":[{"start":{"line":189,"column":8},"end":{"line":193,"column":null}},{"start":{},"end":{}}],"line":189},"12":{"loc":{"start":{"line":198,"column":8},"end":{"line":223,"column":null}},"type":"if","locations":[{"start":{"line":198,"column":8},"end":{"line":223,"column":null}},{"start":{"line":201,"column":15},"end":{"line":223,"column":null}}],"line":198},"13":{"loc":{"start":{"line":201,"column":15},"end":{"line":223,"column":null}},"type":"if","locations":[{"start":{"line":201,"column":15},"end":{"line":223,"column":null}},{"start":{"line":205,"column":15},"end":{"line":223,"column":null}}],"line":201},"14":{"loc":{"start":{"line":205,"column":15},"end":{"line":223,"column":null}},"type":"if","locations":[{"start":{"line":205,"column":15},"end":{"line":223,"column":null}},{"start":{"line":211,"column":15},"end":{"line":223,"column":null}}],"line":205},"15":{"loc":{"start":{"line":205,"column":19},"end":{"line":205,"column":70}},"type":"binary-expr","locations":[{"start":{"line":205,"column":19},"end":{"line":205,"column":46}},{"start":{"line":205,"column":46},"end":{"line":205,"column":70}}],"line":205},"16":{"loc":{"start":{"line":206,"column":25},"end":{"line":206,"column":null}},"type":"cond-expr","locations":[{"start":{"line":206,"column":51},"end":{"line":206,"column":57}},{"start":{"line":206,"column":57},"end":{"line":206,"column":null}}],"line":206},"17":{"loc":{"start":{"line":211,"column":15},"end":{"line":223,"column":null}},"type":"if","locations":[{"start":{"line":211,"column":15},"end":{"line":223,"column":null}},{"start":{},"end":{}}],"line":211},"18":{"loc":{"start":{"line":213,"column":10},"end":{"line":222,"column":null}},"type":"if","locations":[{"start":{"line":213,"column":10},"end":{"line":222,"column":null}},{"start":{"line":215,"column":17},"end":{"line":222,"column":null}}],"line":213},"19":{"loc":{"start":{"line":215,"column":17},"end":{"line":222,"column":null}},"type":"if","locations":[{"start":{"line":215,"column":17},"end":{"line":222,"column":null}},{"start":{},"end":{}}],"line":215},"20":{"loc":{"start":{"line":215,"column":21},"end":{"line":215,"column":65}},"type":"binary-expr","locations":[{"start":{"line":215,"column":21},"end":{"line":215,"column":46}},{"start":{"line":215,"column":46},"end":{"line":215,"column":65}}],"line":215},"21":{"loc":{"start":{"line":216,"column":29},"end":{"line":216,"column":null}},"type":"binary-expr","locations":[{"start":{"line":216,"column":29},"end":{"line":216,"column":43}},{"start":{"line":216,"column":43},"end":{"line":216,"column":null}}],"line":216},"22":{"loc":{"start":{"line":231,"column":4},"end":{"line":231,"column":null}},"type":"if","locations":[{"start":{"line":231,"column":4},"end":{"line":231,"column":null}},{"start":{},"end":{}}],"line":231},"23":{"loc":{"start":{"line":237,"column":4},"end":{"line":243,"column":null}},"type":"if","locations":[{"start":{"line":237,"column":4},"end":{"line":243,"column":null}},{"start":{},"end":{}}],"line":237},"24":{"loc":{"start":{"line":249,"column":4},"end":{"line":249,"column":null}},"type":"if","locations":[{"start":{"line":249,"column":4},"end":{"line":249,"column":null}},{"start":{},"end":{}}],"line":249},"25":{"loc":{"start":{"line":265,"column":4},"end":{"line":265,"column":null}},"type":"if","locations":[{"start":{"line":265,"column":4},"end":{"line":265,"column":null}},{"start":{},"end":{}}],"line":265},"26":{"loc":{"start":{"line":267,"column":4},"end":{"line":267,"column":null}},"type":"if","locations":[{"start":{"line":267,"column":4},"end":{"line":267,"column":null}},{"start":{},"end":{}}],"line":267},"27":{"loc":{"start":{"line":282,"column":4},"end":{"line":282,"column":null}},"type":"if","locations":[{"start":{"line":282,"column":4},"end":{"line":282,"column":null}},{"start":{},"end":{}}],"line":282},"28":{"loc":{"start":{"line":285,"column":4},"end":{"line":305,"column":null}},"type":"if","locations":[{"start":{"line":285,"column":4},"end":{"line":305,"column":null}},{"start":{"line":298,"column":11},"end":{"line":305,"column":null}}],"line":285},"29":{"loc":{"start":{"line":285,"column":8},"end":{"line":285,"column":61}},"type":"binary-expr","locations":[{"start":{"line":285,"column":8},"end":{"line":285,"column":33}},{"start":{"line":285,"column":33},"end":{"line":285,"column":61}}],"line":285},"30":{"loc":{"start":{"line":298,"column":11},"end":{"line":305,"column":null}},"type":"if","locations":[{"start":{"line":298,"column":11},"end":{"line":305,"column":null}},{"start":{"line":303,"column":11},"end":{"line":305,"column":null}}],"line":298},"31":{"loc":{"start":{"line":298,"column":15},"end":{"line":298,"column":70}},"type":"binary-expr","locations":[{"start":{"line":298,"column":15},"end":{"line":298,"column":41}},{"start":{"line":298,"column":41},"end":{"line":298,"column":70}}],"line":298},"32":{"loc":{"start":{"line":314,"column":4},"end":{"line":321,"column":null}},"type":"if","locations":[{"start":{"line":314,"column":4},"end":{"line":321,"column":null}},{"start":{},"end":{}}],"line":314},"33":{"loc":{"start":{"line":314,"column":8},"end":{"line":314,"column":67}},"type":"binary-expr","locations":[{"start":{"line":314,"column":8},"end":{"line":314,"column":16}},{"start":{"line":314,"column":16},"end":{"line":314,"column":48}},{"start":{"line":314,"column":48},"end":{"line":314,"column":67}}],"line":314},"34":{"loc":{"start":{"line":326,"column":4},"end":{"line":326,"column":null}},"type":"if","locations":[{"start":{"line":326,"column":4},"end":{"line":326,"column":null}},{"start":{},"end":{}}],"line":326},"35":{"loc":{"start":{"line":326,"column":8},"end":{"line":326,"column":86}},"type":"binary-expr","locations":[{"start":{"line":326,"column":8},"end":{"line":326,"column":32}},{"start":{"line":326,"column":32},"end":{"line":326,"column":52}},{"start":{"line":326,"column":52},"end":{"line":326,"column":86}}],"line":326},"36":{"loc":{"start":{"line":328,"column":17},"end":{"line":328,"column":null}},"type":"cond-expr","locations":[{"start":{"line":328,"column":38},"end":{"line":328,"column":44}},{"start":{"line":328,"column":44},"end":{"line":328,"column":null}}],"line":328},"37":{"loc":{"start":{"line":340,"column":4},"end":{"line":340,"column":null}},"type":"if","locations":[{"start":{"line":340,"column":4},"end":{"line":340,"column":null}},{"start":{},"end":{}}],"line":340},"38":{"loc":{"start":{"line":342,"column":4},"end":{"line":342,"column":null}},"type":"if","locations":[{"start":{"line":342,"column":4},"end":{"line":342,"column":null}},{"start":{},"end":{}}],"line":342},"39":{"loc":{"start":{"line":351,"column":6},"end":{"line":351,"column":null}},"type":"if","locations":[{"start":{"line":351,"column":6},"end":{"line":351,"column":null}},{"start":{},"end":{}}],"line":351},"40":{"loc":{"start":{"line":352,"column":6},"end":{"line":352,"column":null}},"type":"if","locations":[{"start":{"line":352,"column":6},"end":{"line":352,"column":null}},{"start":{},"end":{}}],"line":352},"41":{"loc":{"start":{"line":352,"column":10},"end":{"line":352,"column":27}},"type":"binary-expr","locations":[{"start":{"line":352,"column":10},"end":{"line":352,"column":19}},{"start":{"line":352,"column":19},"end":{"line":352,"column":27}}],"line":352},"42":{"loc":{"start":{"line":353,"column":6},"end":{"line":353,"column":null}},"type":"if","locations":[{"start":{"line":353,"column":6},"end":{"line":353,"column":null}},{"start":{},"end":{}}],"line":353},"43":{"loc":{"start":{"line":354,"column":6},"end":{"line":354,"column":null}},"type":"if","locations":[{"start":{"line":354,"column":6},"end":{"line":354,"column":null}},{"start":{},"end":{}}],"line":354},"44":{"loc":{"start":{"line":354,"column":10},"end":{"line":354,"column":28}},"type":"binary-expr","locations":[{"start":{"line":354,"column":10},"end":{"line":354,"column":20}},{"start":{"line":354,"column":20},"end":{"line":354,"column":28}}],"line":354},"45":{"loc":{"start":{"line":355,"column":6},"end":{"line":355,"column":null}},"type":"if","locations":[{"start":{"line":355,"column":6},"end":{"line":355,"column":null}},{"start":{},"end":{}}],"line":355},"46":{"loc":{"start":{"line":356,"column":6},"end":{"line":356,"column":null}},"type":"if","locations":[{"start":{"line":356,"column":6},"end":{"line":356,"column":null}},{"start":{},"end":{}}],"line":356},"47":{"loc":{"start":{"line":356,"column":10},"end":{"line":356,"column":28}},"type":"binary-expr","locations":[{"start":{"line":356,"column":10},"end":{"line":356,"column":20}},{"start":{"line":356,"column":20},"end":{"line":356,"column":28}}],"line":356},"48":{"loc":{"start":{"line":357,"column":6},"end":{"line":357,"column":null}},"type":"if","locations":[{"start":{"line":357,"column":6},"end":{"line":357,"column":null}},{"start":{},"end":{}}],"line":357},"49":{"loc":{"start":{"line":358,"column":6},"end":{"line":358,"column":null}},"type":"if","locations":[{"start":{"line":358,"column":6},"end":{"line":358,"column":null}},{"start":{},"end":{}}],"line":358},"50":{"loc":{"start":{"line":358,"column":10},"end":{"line":358,"column":28}},"type":"binary-expr","locations":[{"start":{"line":358,"column":10},"end":{"line":358,"column":20}},{"start":{"line":358,"column":20},"end":{"line":358,"column":28}}],"line":358},"51":{"loc":{"start":{"line":371,"column":6},"end":{"line":377,"column":null}},"type":"if","locations":[{"start":{"line":371,"column":6},"end":{"line":377,"column":null}},{"start":{},"end":{}}],"line":371},"52":{"loc":{"start":{"line":373,"column":8},"end":{"line":376,"column":null}},"type":"if","locations":[{"start":{"line":373,"column":8},"end":{"line":376,"column":null}},{"start":{"line":374,"column":13},"end":{"line":376,"column":null}}],"line":373},"53":{"loc":{"start":{"line":373,"column":12},"end":{"line":373,"column":43}},"type":"binary-expr","locations":[{"start":{"line":373,"column":12},"end":{"line":373,"column":28}},{"start":{"line":373,"column":28},"end":{"line":373,"column":43}}],"line":373},"54":{"loc":{"start":{"line":374,"column":13},"end":{"line":376,"column":null}},"type":"if","locations":[{"start":{"line":374,"column":13},"end":{"line":376,"column":null}},{"start":{"line":375,"column":13},"end":{"line":376,"column":null}}],"line":374},"55":{"loc":{"start":{"line":374,"column":17},"end":{"line":374,"column":49}},"type":"binary-expr","locations":[{"start":{"line":374,"column":17},"end":{"line":374,"column":34}},{"start":{"line":374,"column":34},"end":{"line":374,"column":49}}],"line":374},"56":{"loc":{"start":{"line":375,"column":13},"end":{"line":376,"column":null}},"type":"if","locations":[{"start":{"line":375,"column":13},"end":{"line":376,"column":null}},{"start":{"line":376,"column":13},"end":{"line":376,"column":null}}],"line":375},"57":{"loc":{"start":{"line":375,"column":17},"end":{"line":375,"column":49}},"type":"binary-expr","locations":[{"start":{"line":375,"column":17},"end":{"line":375,"column":34}},{"start":{"line":375,"column":34},"end":{"line":375,"column":49}}],"line":375},"58":{"loc":{"start":{"line":376,"column":13},"end":{"line":376,"column":null}},"type":"if","locations":[{"start":{"line":376,"column":13},"end":{"line":376,"column":null}},{"start":{},"end":{}}],"line":376},"59":{"loc":{"start":{"line":376,"column":17},"end":{"line":376,"column":49}},"type":"binary-expr","locations":[{"start":{"line":376,"column":17},"end":{"line":376,"column":34}},{"start":{"line":376,"column":34},"end":{"line":376,"column":49}}],"line":376},"60":{"loc":{"start":{"line":385,"column":6},"end":{"line":419,"column":null}},"type":"if","locations":[{"start":{"line":385,"column":6},"end":{"line":419,"column":null}},{"start":{"line":389,"column":13},"end":{"line":419,"column":null}}],"line":385},"61":{"loc":{"start":{"line":389,"column":13},"end":{"line":419,"column":null}},"type":"if","locations":[{"start":{"line":389,"column":13},"end":{"line":419,"column":null}},{"start":{"line":393,"column":13},"end":{"line":419,"column":null}}],"line":389},"62":{"loc":{"start":{"line":393,"column":13},"end":{"line":419,"column":null}},"type":"if","locations":[{"start":{"line":393,"column":13},"end":{"line":419,"column":null}},{"start":{"line":396,"column":13},"end":{"line":419,"column":null}}],"line":393},"63":{"loc":{"start":{"line":396,"column":13},"end":{"line":419,"column":null}},"type":"if","locations":[{"start":{"line":396,"column":13},"end":{"line":419,"column":null}},{"start":{"line":399,"column":13},"end":{"line":419,"column":null}}],"line":396},"64":{"loc":{"start":{"line":401,"column":8},"end":{"line":418,"column":null}},"type":"if","locations":[{"start":{"line":401,"column":8},"end":{"line":418,"column":null}},{"start":{"line":405,"column":15},"end":{"line":418,"column":null}}],"line":401},"65":{"loc":{"start":{"line":401,"column":12},"end":{"line":401,"column":43}},"type":"binary-expr","locations":[{"start":{"line":401,"column":12},"end":{"line":401,"column":28}},{"start":{"line":401,"column":28},"end":{"line":401,"column":43}}],"line":401},"66":{"loc":{"start":{"line":402,"column":23},"end":{"line":402,"column":39}},"type":"binary-expr","locations":[{"start":{"line":402,"column":23},"end":{"line":402,"column":35}},{"start":{"line":402,"column":35},"end":{"line":402,"column":39}}],"line":402},"67":{"loc":{"start":{"line":403,"column":10},"end":{"line":403,"column":null}},"type":"if","locations":[{"start":{"line":403,"column":10},"end":{"line":403,"column":null}},{"start":{},"end":{}}],"line":403},"68":{"loc":{"start":{"line":404,"column":10},"end":{"line":404,"column":null}},"type":"if","locations":[{"start":{"line":404,"column":10},"end":{"line":404,"column":null}},{"start":{},"end":{}}],"line":404},"69":{"loc":{"start":{"line":405,"column":15},"end":{"line":418,"column":null}},"type":"if","locations":[{"start":{"line":405,"column":15},"end":{"line":418,"column":null}},{"start":{"line":410,"column":15},"end":{"line":418,"column":null}}],"line":405},"70":{"loc":{"start":{"line":405,"column":19},"end":{"line":405,"column":51}},"type":"binary-expr","locations":[{"start":{"line":405,"column":19},"end":{"line":405,"column":36}},{"start":{"line":405,"column":36},"end":{"line":405,"column":51}}],"line":405},"71":{"loc":{"start":{"line":408,"column":23},"end":{"line":408,"column":39}},"type":"binary-expr","locations":[{"start":{"line":408,"column":23},"end":{"line":408,"column":35}},{"start":{"line":408,"column":35},"end":{"line":408,"column":39}}],"line":408},"72":{"loc":{"start":{"line":409,"column":10},"end":{"line":409,"column":null}},"type":"if","locations":[{"start":{"line":409,"column":10},"end":{"line":409,"column":null}},{"start":{},"end":{}}],"line":409},"73":{"loc":{"start":{"line":410,"column":15},"end":{"line":418,"column":null}},"type":"if","locations":[{"start":{"line":410,"column":15},"end":{"line":418,"column":null}},{"start":{"line":413,"column":15},"end":{"line":418,"column":null}}],"line":410},"74":{"loc":{"start":{"line":410,"column":19},"end":{"line":410,"column":51}},"type":"binary-expr","locations":[{"start":{"line":410,"column":19},"end":{"line":410,"column":36}},{"start":{"line":410,"column":36},"end":{"line":410,"column":51}}],"line":410},"75":{"loc":{"start":{"line":411,"column":23},"end":{"line":411,"column":39}},"type":"binary-expr","locations":[{"start":{"line":411,"column":23},"end":{"line":411,"column":35}},{"start":{"line":411,"column":35},"end":{"line":411,"column":39}}],"line":411},"76":{"loc":{"start":{"line":412,"column":10},"end":{"line":412,"column":null}},"type":"if","locations":[{"start":{"line":412,"column":10},"end":{"line":412,"column":null}},{"start":{},"end":{}}],"line":412},"77":{"loc":{"start":{"line":413,"column":15},"end":{"line":418,"column":null}},"type":"if","locations":[{"start":{"line":413,"column":15},"end":{"line":418,"column":null}},{"start":{},"end":{}}],"line":413},"78":{"loc":{"start":{"line":413,"column":19},"end":{"line":413,"column":51}},"type":"binary-expr","locations":[{"start":{"line":413,"column":19},"end":{"line":413,"column":36}},{"start":{"line":413,"column":36},"end":{"line":413,"column":51}}],"line":413},"79":{"loc":{"start":{"line":416,"column":23},"end":{"line":416,"column":39}},"type":"binary-expr","locations":[{"start":{"line":416,"column":23},"end":{"line":416,"column":35}},{"start":{"line":416,"column":35},"end":{"line":416,"column":39}}],"line":416},"80":{"loc":{"start":{"line":417,"column":10},"end":{"line":417,"column":null}},"type":"if","locations":[{"start":{"line":417,"column":10},"end":{"line":417,"column":null}},{"start":{},"end":{}}],"line":417},"81":{"loc":{"start":{"line":424,"column":6},"end":{"line":432,"column":null}},"type":"if","locations":[{"start":{"line":424,"column":6},"end":{"line":432,"column":null}},{"start":{},"end":{}}],"line":424},"82":{"loc":{"start":{"line":428,"column":8},"end":{"line":431,"column":null}},"type":"if","locations":[{"start":{"line":428,"column":8},"end":{"line":431,"column":null}},{"start":{},"end":{}}],"line":428},"83":{"loc":{"start":{"line":454,"column":22},"end":{"line":454,"column":null}},"type":"cond-expr","locations":[{"start":{"line":454,"column":36},"end":{"line":454,"column":51}},{"start":{"line":454,"column":51},"end":{"line":454,"column":null}}],"line":454},"84":{"loc":{"start":{"line":476,"column":7},"end":{"line":486,"column":null}},"type":"binary-expr","locations":[{"start":{"line":476,"column":7},"end":{"line":476,"column":null}},{"start":{"line":477,"column":8},"end":{"line":486,"column":null}}],"line":476},"85":{"loc":{"start":{"line":499,"column":39},"end":{"line":499,"column":77}},"type":"cond-expr","locations":[{"start":{"line":499,"column":62},"end":{"line":499,"column":70}},{"start":{"line":499,"column":70},"end":{"line":499,"column":77}}],"line":499},"86":{"loc":{"start":{"line":508,"column":1},"end":{"line":514,"column":null}},"type":"binary-expr","locations":[{"start":{"line":508,"column":1},"end":{"line":508,"column":null}},{"start":{"line":509,"column":2},"end":{"line":514,"column":null}}],"line":508},"87":{"loc":{"start":{"line":517,"column":9},"end":{"line":529,"column":null}},"type":"binary-expr","locations":[{"start":{"line":517,"column":9},"end":{"line":517,"column":null}},{"start":{"line":518,"column":10},"end":{"line":529,"column":null}}],"line":517},"88":{"loc":{"start":{"line":533,"column":9},"end":{"line":563,"column":null}},"type":"binary-expr","locations":[{"start":{"line":533,"column":9},"end":{"line":533,"column":null}},{"start":{"line":534,"column":10},"end":{"line":563,"column":null}}],"line":533},"89":{"loc":{"start":{"line":545,"column":31},"end":{"line":545,"column":null}},"type":"cond-expr","locations":[{"start":{"line":545,"column":60},"end":{"line":545,"column":113}},{"start":{"line":545,"column":113},"end":{"line":545,"column":null}}],"line":545},"90":{"loc":{"start":{"line":548,"column":13},"end":{"line":561,"column":null}},"type":"cond-expr","locations":[{"start":{"line":549,"column":14},"end":{"line":561,"column":15}},{"start":{"line":561,"column":14},"end":{"line":561,"column":null}}],"line":548},"91":{"loc":{"start":{"line":580,"column":51},"end":{"line":580,"column":null}},"type":"binary-expr","locations":[{"start":{"line":580,"column":51},"end":{"line":580,"column":59}},{"start":{"line":580,"column":59},"end":{"line":580,"column":null}}],"line":580},"92":{"loc":{"start":{"line":583,"column":19},"end":{"line":583,"column":null}},"type":"cond-expr","locations":[{"start":{"line":583,"column":26},"end":{"line":583,"column":42}},{"start":{"line":583,"column":42},"end":{"line":583,"column":null}}],"line":583},"93":{"loc":{"start":{"line":597,"column":11},"end":{"line":623,"column":null}},"type":"cond-expr","locations":[{"start":{"line":598,"column":12},"end":{"line":621,"column":13}},{"start":{"line":621,"column":12},"end":{"line":623,"column":null}}],"line":597},"94":{"loc":{"start":{"line":601,"column":26},"end":{"line":601,"column":null}},"type":"binary-expr","locations":[{"start":{"line":601,"column":26},"end":{"line":601,"column":49}},{"start":{"line":601,"column":49},"end":{"line":601,"column":62}},{"start":{"line":601,"column":62},"end":{"line":601,"column":null}}],"line":601},"95":{"loc":{"start":{"line":603,"column":56},"end":{"line":603,"column":null}},"type":"cond-expr","locations":[{"start":{"line":603,"column":78},"end":{"line":603,"column":90}},{"start":{"line":603,"column":90},"end":{"line":603,"column":null}}],"line":603},"96":{"loc":{"start":{"line":607,"column":17},"end":{"line":607,"column":null}},"type":"cond-expr","locations":[{"start":{"line":607,"column":29},"end":{"line":607,"column":99}},{"start":{"line":607,"column":99},"end":{"line":607,"column":null}}],"line":607},"97":{"loc":{"start":{"line":611,"column":26},"end":{"line":611,"column":null}},"type":"binary-expr","locations":[{"start":{"line":611,"column":26},"end":{"line":611,"column":50}},{"start":{"line":611,"column":50},"end":{"line":611,"column":null}}],"line":611},"98":{"loc":{"start":{"line":613,"column":57},"end":{"line":613,"column":null}},"type":"cond-expr","locations":[{"start":{"line":613,"column":101},"end":{"line":613,"column":113}},{"start":{"line":613,"column":113},"end":{"line":613,"column":null}}],"line":613},"99":{"loc":{"start":{"line":613,"column":57},"end":{"line":613,"column":101}},"type":"binary-expr","locations":[{"start":{"line":613,"column":57},"end":{"line":613,"column":81}},{"start":{"line":613,"column":81},"end":{"line":613,"column":101}}],"line":613},"100":{"loc":{"start":{"line":627,"column":11},"end":{"line":647,"column":null}},"type":"binary-expr","locations":[{"start":{"line":627,"column":11},"end":{"line":627,"column":40}},{"start":{"line":627,"column":40},"end":{"line":627,"column":null}},{"start":{"line":628,"column":12},"end":{"line":647,"column":null}}],"line":627},"101":{"loc":{"start":{"line":657,"column":27},"end":{"line":657,"column":54}},"type":"binary-expr","locations":[{"start":{"line":657,"column":27},"end":{"line":657,"column":52}},{"start":{"line":657,"column":52},"end":{"line":657,"column":54}}],"line":657},"102":{"loc":{"start":{"line":664,"column":92},"end":{"line":664,"column":null}},"type":"binary-expr","locations":[{"start":{"line":664,"column":92},"end":{"line":664,"column":107}},{"start":{"line":664,"column":107},"end":{"line":664,"column":null}}],"line":664},"103":{"loc":{"start":{"line":667,"column":21},"end":{"line":677,"column":null}},"type":"cond-expr","locations":[{"start":{"line":668,"column":22},"end":{"line":675,"column":23}},{"start":{"line":675,"column":22},"end":{"line":677,"column":null}}],"line":667},"104":{"loc":{"start":{"line":680,"column":13},"end":{"line":683,"column":null}},"type":"binary-expr","locations":[{"start":{"line":680,"column":13},"end":{"line":680,"column":null}},{"start":{"line":681,"column":14},"end":{"line":683,"column":null}}],"line":680},"105":{"loc":{"start":{"line":702,"column":25},"end":{"line":702,"column":null}},"type":"cond-expr","locations":[{"start":{"line":702,"column":37},"end":{"line":702,"column":49}},{"start":{"line":702,"column":49},"end":{"line":702,"column":null}}],"line":702},"106":{"loc":{"start":{"line":703,"column":30},"end":{"line":703,"column":null}},"type":"cond-expr","locations":[{"start":{"line":703,"column":42},"end":{"line":703,"column":54}},{"start":{"line":703,"column":54},"end":{"line":703,"column":null}}],"line":703},"107":{"loc":{"start":{"line":704,"column":27},"end":{"line":704,"column":null}},"type":"cond-expr","locations":[{"start":{"line":704,"column":39},"end":{"line":704,"column":52}},{"start":{"line":704,"column":52},"end":{"line":704,"column":null}}],"line":704},"108":{"loc":{"start":{"line":706,"column":30},"end":{"line":706,"column":null}},"type":"cond-expr","locations":[{"start":{"line":706,"column":42},"end":{"line":706,"column":64}},{"start":{"line":706,"column":64},"end":{"line":706,"column":null}}],"line":706}},"s":{"0":1,"1":1,"2":58,"3":11,"4":10,"5":11,"6":11,"7":58,"8":58,"9":58,"10":58,"11":58,"12":58,"13":58,"14":58,"15":58,"16":58,"17":58,"18":58,"19":58,"20":58,"21":11,"22":11,"23":11,"24":11,"25":11,"26":11,"27":58,"28":28,"29":28,"30":58,"31":11,"32":0,"33":11,"34":0,"35":11,"36":11,"37":58,"38":7,"39":7,"40":7,"41":58,"42":4,"43":4,"44":4,"45":4,"46":4,"47":4,"48":0,"49":0,"50":0,"51":58,"52":2,"53":2,"54":2,"55":11,"56":11,"57":11,"58":11,"59":11,"60":2,"61":2,"62":2,"63":58,"64":2,"65":0,"66":2,"67":2,"68":24,"69":2,"70":2,"71":2,"72":2,"73":2,"74":2,"75":2,"76":2,"77":2,"78":2,"79":2,"80":2,"81":2,"82":2,"83":2,"84":2,"85":0,"86":0,"87":0,"88":2,"89":2,"90":2,"91":2,"92":0,"93":0,"94":2,"95":0,"96":0,"97":0,"98":2,"99":0,"100":0,"101":0,"102":0,"103":0,"104":2,"105":2,"106":2,"107":2,"108":0,"109":0,"110":0,"111":0,"112":0,"113":0,"114":0,"115":2,"116":58,"117":1,"118":0,"119":1,"120":1,"121":1,"122":1,"123":1,"124":1,"125":1,"126":1,"127":1,"128":1,"129":1,"130":58,"131":0,"132":0,"133":0,"134":0,"135":0,"136":0,"137":0,"138":0,"139":58,"140":0,"141":0,"142":0,"143":0,"144":0,"145":0,"146":0,"147":0,"148":0,"149":0,"150":58,"151":0,"152":0,"153":0,"154":0,"155":0,"156":0,"157":0,"158":0,"159":0,"160":0,"161":0,"162":0,"163":0,"164":0,"165":0,"166":0,"167":0,"168":0,"169":0,"170":0,"171":0,"172":0,"173":58,"174":3,"175":3,"176":3,"177":3,"178":3,"179":3,"180":3,"181":3,"182":3,"183":3,"184":3,"185":58,"186":1,"187":0,"188":1,"189":1,"190":1,"191":1,"192":1,"193":1,"194":58,"195":56,"196":56,"197":0,"198":56,"199":56,"200":0,"201":56,"202":56,"203":56,"204":56,"205":56,"206":56,"207":2352,"208":149,"209":2203,"210":520,"211":1683,"212":57,"213":1626,"214":506,"215":1120,"216":56,"217":1064,"218":504,"219":560,"220":56,"221":504,"222":504,"223":56,"224":2240,"225":2240,"226":2240,"227":2240,"228":2240,"229":2240,"230":2240,"231":1232,"232":1232,"233":280,"234":952,"235":336,"236":616,"237":336,"238":280,"239":280,"240":2240,"241":2240,"242":2240,"243":2240,"244":2240,"245":56,"246":56,"247":56,"248":2184,"249":56,"250":56,"251":56,"252":2128,"253":56,"254":56,"255":2072,"256":56,"257":56,"258":2016,"259":2016,"260":504,"261":504,"262":448,"263":504,"264":336,"265":1512,"266":504,"267":504,"268":504,"269":504,"270":504,"271":1008,"272":504,"273":504,"274":336,"275":504,"276":504,"277":504,"278":504,"279":504,"280":392,"281":2240,"282":2240,"283":2240,"284":20,"285":20,"286":20,"287":20,"288":6,"289":6,"290":56,"291":56,"292":56,"293":56,"294":56,"295":56,"296":56,"297":56,"298":56,"299":56,"300":56,"301":56,"302":56,"303":56,"304":112,"305":112,"306":112,"307":112,"308":112,"309":112,"310":112,"311":112,"312":58,"313":58,"314":58,"315":8,"316":0,"317":0,"318":0,"319":0,"320":116,"321":116,"322":20,"323":16,"324":22,"325":16,"326":3,"327":20,"328":58},"f":{"0":58,"1":11,"2":10,"3":11,"4":11,"5":11,"6":11,"7":28,"8":11,"9":0,"10":11,"11":7,"12":4,"13":4,"14":0,"15":0,"16":0,"17":2,"18":11,"19":11,"20":2,"21":24,"22":2,"23":2,"24":1,"25":0,"26":0,"27":0,"28":0,"29":0,"30":0,"31":3,"32":3,"33":1,"34":56,"35":2352,"36":2240,"37":112,"38":8,"39":0,"40":0,"41":0,"42":0,"43":116,"44":20,"45":16,"46":22,"47":3,"48":20,"49":58},"b":{"0":[58,0],"1":[11,0],"2":[28,0],"3":[0,11],"4":[7,0],"5":[7,7],"6":[3,1],"7":[3,1],"8":[2,9],"9":[0,2],"10":[2,2,2,2],"11":[0,2],"12":[0,2],"13":[0,2],"14":[0,2],"15":[2,2],"16":[0,0],"17":[2,0],"18":[2,0],"19":[0,0],"20":[0,0],"21":[0,0],"22":[0,1],"23":[1,0],"24":[0,0],"25":[0,0],"26":[0,0],"27":[0,0],"28":[0,0],"29":[0,0],"30":[0,0],"31":[0,0],"32":[3,0],"33":[3,3,3],"34":[0,1],"35":[1,1,1],"36":[1,0],"37":[0,56],"38":[0,56],"39":[149,2203],"40":[520,1683],"41":[2203,2203],"42":[57,1626],"43":[506,1120],"44":[1626,1626],"45":[56,1064],"46":[504,560],"47":[1064,1064],"48":[56,504],"49":[504,0],"50":[504,504],"51":[1232,1008],"52":[280,952],"53":[1232,1232],"54":[336,616],"55":[952,952],"56":[336,280],"57":[616,616],"58":[280,0],"59":[280,280],"60":[56,2184],"61":[56,2128],"62":[56,2072],"63":[56,2016],"64":[504,1512],"65":[2016,2016],"66":[504,0],"67":[448,56],"68":[336,168],"69":[504,1008],"70":[1512,1512],"71":[504,0],"72":[504,0],"73":[504,504],"74":[1008,1008],"75":[504,0],"76":[336,168],"77":[504,0],"78":[504,504],"79":[504,0],"80":[392,112],"81":[20,2220],"82":[6,14],"83":[56,56],"84":[58,0],"85":[8,0],"86":[58,27],"87":[58,0],"88":[58,0],"89":[0,0],"90":[0,0],"91":[116,58],"92":[58,58],"93":[52,6],"94":[52,46,44],"95":[6,46],"96":[2,50],"97":[52,6],"98":[46,6],"99":[52,6],"100":[58,6,6],"101":[58,0],"102":[16,14],"103":[10,6],"104":[58,42],"105":[50,8],"106":[50,8],"107":[50,8],"108":[50,8]},"meta":{"lastBranch":109,"lastFunction":50,"lastStatement":329,"seen":{"s:9:21:57:Infinity":0,"s:59:19:59:Infinity":1,"f:61:24:61:37":0,"s:64:0:70:Infinity":2,"f:64:0:64:16":1,"s:65:2:67:Infinity":3,"f:65:12:65:38":2,"s:66:4:66:Infinity":4,"s:69:2:69:Infinity":5,"f:69:2:69:15":3,"s:69:15:69:Infinity":6,"s:71:19:71:29":7,"s:72:25:72:41":8,"s:73:24:73:Infinity":9,"b:73:24:73:54:73:54:73:Infinity":0,"s:74:20:74:Infinity":10,"s:77:38:77:Infinity":11,"s:78:36:78:Infinity":12,"s:79:38:79:Infinity":13,"s:80:50:80:Infinity":14,"s:81:40:81:Infinity":15,"s:82:48:82:Infinity":16,"s:85:42:85:Infinity":17,"s:88:36:100:Infinity":18,"s:102:52:102:Infinity":19,"s:105:2:110:Infinity":20,"f:105:2:105:18":4,"s:106:10:106:Infinity":21,"f:106:10:106:31":5,"s:106:31:106:Infinity":22,"b:106:45:106:87:106:87:106:110":1,"s:107:4:107:Infinity":23,"s:108:4:108:Infinity":24,"s:109:4:109:Infinity":25,"f:109:4:109:17":6,"s:109:17:109:Infinity":26,"s:113:2:120:Infinity":27,"f:113:2:113:18":7,"b:114:4:119:Infinity:undefined:undefined:undefined:undefined":2,"s:114:4:119:Infinity":28,"s:115:6:118:Infinity":29,"s:123:2:127:Infinity":30,"f:123:2:123:18":8,"b:124:4:124:Infinity:undefined:undefined:undefined:undefined":3,"s:124:4:124:Infinity":31,"s:124:17:124:Infinity":32,"s:125:4:125:Infinity":33,"f:125:14:125:40":9,"s:125:53:125:75":34,"s:126:4:126:Infinity":35,"f:126:4:126:17":10,"s:126:17:126:Infinity":36,"s:129:8:133:Infinity":37,"f:129:8:129:27":11,"s:130:4:130:Infinity":38,"b:132:4:132:Infinity:undefined:undefined:undefined:undefined":4,"s:132:4:132:Infinity":39,"b:132:8:132:18:132:18:132:24":5,"s:132:24:132:Infinity":40,"s:135:8:143:Infinity":41,"f:135:8:135:29":12,"s:136:15:136:Infinity":42,"s:137:17:137:Infinity":43,"b:137:31:137:47:137:47:137:Infinity":6,"s:138:18:138:Infinity":44,"b:138:32:138:44:138:44:138:Infinity":7,"s:139:4:139:Infinity":45,"f:139:4:139:19":13,"s:139:27:139:67":46,"s:140:4:142:Infinity":47,"f:140:4:140:21":14,"s:141:6:141:Infinity":48,"f:141:6:141:21":15,"s:141:29:141:58":49,"f:141:34:141:41":16,"s:141:46:141:57":50,"s:146:8:160:Infinity":51,"f:146:8:146:32":17,"s:147:4:147:Infinity":52,"s:148:22:148:Infinity":53,"s:149:21:159:Infinity":54,"f:149:21:149:39":18,"s:150:6:150:Infinity":55,"s:151:12:151:Infinity":56,"s:152:6:152:Infinity":57,"f:152:6:152:27":19,"s:152:36:152:69":58,"b:154:6:158:Infinity:undefined:undefined:undefined:undefined":8,"s:154:6:158:Infinity":59,"s:155:8:155:Infinity":60,"s:156:8:156:Infinity":61,"s:157:8:157:Infinity":62,"s:163:8:227:Infinity":63,"f:163:8:163:25":20,"b:164:4:164:Infinity:undefined:undefined:undefined:undefined":9,"s:164:4:164:Infinity":64,"b:164:8:164:31:164:31:164:44:164:44:164:64:164:64:164:98":10,"s:164:98:164:Infinity":65,"s:165:4:165:Infinity":66,"s:167:25:169:Infinity":67,"f:167:25:167:43":21,"s:168:6:168:Infinity":68,"s:171:4:226:Infinity":69,"f:171:4:171:21":22,"s:172:6:172:Infinity":70,"s:173:17:173:Infinity":71,"s:174:17:174:Infinity":72,"s:175:20:175:Infinity":73,"s:176:6:176:Infinity":74,"s:177:6:177:Infinity":75,"s:179:20:179:Infinity":76,"s:180:21:180:Infinity":77,"s:181:16:181:Infinity":78,"s:182:23:182:Infinity":79,"s:184:6:184:Infinity":80,"s:185:6:185:Infinity":81,"s:187:6:225:Infinity":82,"f:187:45:187:58":23,"s:188:12:188:Infinity":83,"b:189:8:193:Infinity:undefined:undefined:undefined:undefined":11,"s:189:8:193:Infinity":84,"s:190:10:190:Infinity":85,"s:191:10:191:Infinity":86,"s:192:10:192:Infinity":87,"s:194:8:194:Infinity":88,"s:195:22:195:Infinity":89,"s:196:8:196:Infinity":90,"b:198:8:223:Infinity:201:15:223:Infinity":12,"s:198:8:223:Infinity":91,"s:199:10:199:Infinity":92,"s:200:10:200:Infinity":93,"b:201:15:223:Infinity:205:15:223:Infinity":13,"s:201:15:223:Infinity":94,"s:202:10:202:Infinity":95,"s:203:10:203:Infinity":96,"s:204:10:204:Infinity":97,"b:205:15:223:Infinity:211:15:223:Infinity":14,"s:205:15:223:Infinity":98,"b:205:19:205:46:205:46:205:70":15,"s:206:25:206:Infinity":99,"b:206:51:206:57:206:57:206:Infinity":16,"s:207:10:207:Infinity":100,"s:208:10:208:Infinity":101,"s:209:10:209:Infinity":102,"s:210:10:210:Infinity":103,"b:211:15:223:Infinity:undefined:undefined:undefined:undefined":17,"s:211:15:223:Infinity":104,"s:212:23:212:Infinity":105,"b:213:10:222:Infinity:215:17:222:Infinity":18,"s:213:10:222:Infinity":106,"s:214:12:214:Infinity":107,"b:215:17:222:Infinity:undefined:undefined:undefined:undefined":19,"s:215:17:222:Infinity":108,"b:215:21:215:46:215:46:215:65":20,"s:216:29:216:Infinity":109,"b:216:29:216:43:216:43:216:Infinity":21,"s:217:12:217:Infinity":110,"s:218:12:218:Infinity":111,"s:219:12:219:Infinity":112,"s:220:12:220:Infinity":113,"s:221:12:221:Infinity":114,"s:224:8:224:Infinity":115,"s:230:8:245:Infinity":116,"f:230:8:230:28":24,"b:231:4:231:Infinity:undefined:undefined:undefined:undefined":22,"s:231:4:231:Infinity":117,"s:231:36:231:Infinity":118,"s:232:18:232:Infinity":119,"s:233:19:233:Infinity":120,"s:234:14:234:Infinity":121,"s:235:18:235:Infinity":122,"b:237:4:243:Infinity:undefined:undefined:undefined:undefined":23,"s:237:4:243:Infinity":123,"s:238:6:238:Infinity":124,"s:239:6:239:Infinity":125,"s:240:6:240:Infinity":126,"s:241:6:241:Infinity":127,"s:242:6:242:Infinity":128,"s:244:4:244:Infinity":129,"s:248:8:261:Infinity":130,"f:248:8:248:30":25,"b:249:4:249:Infinity:undefined:undefined:undefined:undefined":24,"s:249:4:249:Infinity":131,"s:249:36:249:Infinity":132,"s:250:17:250:Infinity":133,"s:251:4:256:Infinity":134,"s:257:18:257:Infinity":135,"s:258:4:258:Infinity":136,"s:259:4:259:Infinity":137,"s:260:4:260:Infinity":138,"s:264:8:278:Infinity":139,"f:264:8:264:20":26,"b:265:4:265:Infinity:undefined:undefined:undefined:undefined":25,"s:265:4:265:Infinity":140,"s:265:23:265:Infinity":141,"s:266:19:266:Infinity":142,"b:267:4:267:Infinity:undefined:undefined:undefined:undefined":26,"s:267:4:267:Infinity":143,"s:267:52:267:Infinity":144,"s:269:4:273:Infinity":145,"f:269:4:269:20":27,"s:269:29:273:6":146,"s:275:18:275:Infinity":147,"s:276:4:276:Infinity":148,"s:277:4:277:Infinity":149,"s:281:8:306:Infinity":150,"f:281:8:281:19":28,"b:282:4:282:Infinity:undefined:undefined:undefined:undefined":27,"s:282:4:282:Infinity":151,"s:282:23:282:Infinity":152,"s:283:22:283:Infinity":153,"f:283:49:283:56":29,"s:283:62:283:77":154,"b:285:4:305:Infinity:298:11:305:Infinity":28,"s:285:4:305:Infinity":155,"b:285:8:285:33:285:33:285:61":29,"s:287:23:287:Infinity":156,"s:288:25:288:Infinity":157,"s:289:19:289:Infinity":158,"s:291:20:291:Infinity":159,"s:292:6:292:Infinity":160,"s:293:6:293:Infinity":161,"s:294:6:294:Infinity":162,"s:295:6:295:Infinity":163,"s:296:6:296:Infinity":164,"s:297:6:297:Infinity":165,"b:298:11:305:Infinity:303:11:305:Infinity":30,"s:298:11:305:Infinity":166,"b:298:15:298:41:298:41:298:70":31,"s:299:20:299:Infinity":167,"s:300:6:300:Infinity":168,"s:301:6:301:Infinity":169,"s:302:6:302:Infinity":170,"s:304:6:304:Infinity":171,"f:304:6:304:22":30,"s:304:31:304:69":172,"s:309:8:322:Infinity":173,"f:309:8:309:28":31,"s:310:18:310:Infinity":174,"s:311:17:311:Infinity":175,"s:312:18:312:Infinity":176,"f:312:31:312:36":32,"s:312:41:312:67":177,"b:314:4:321:Infinity:undefined:undefined:undefined:undefined":32,"s:314:4:321:Infinity":178,"b:314:8:314:16:314:16:314:48:314:48:314:67":33,"s:315:21:315:Infinity":179,"s:316:6:316:Infinity":180,"s:317:6:317:Infinity":181,"s:318:6:318:Infinity":182,"s:319:6:319:Infinity":183,"s:320:6:320:Infinity":184,"s:325:8:333:Infinity":185,"f:325:8:325:24":33,"b:326:4:326:Infinity:undefined:undefined:undefined:undefined":34,"s:326:4:326:Infinity":186,"b:326:8:326:32:326:32:326:52:326:52:326:86":35,"s:326:86:326:Infinity":187,"s:327:18:327:Infinity":188,"s:328:4:328:Infinity":189,"b:328:38:328:44:328:44:328:Infinity":36,"s:329:4:329:Infinity":190,"s:330:4:330:Infinity":191,"s:331:4:331:Infinity":192,"s:332:4:332:Infinity":193,"s:338:2:463:Infinity":194,"f:338:2:338:18":34,"s:339:19:339:Infinity":195,"b:340:4:340:Infinity:undefined:undefined:undefined:undefined":37,"s:340:4:340:Infinity":196,"s:340:17:340:Infinity":197,"s:341:16:341:Infinity":198,"b:342:4:342:Infinity:undefined:undefined:undefined:undefined":38,"s:342:4:342:Infinity":199,"s:342:14:342:Infinity":200,"s:343:17:343:Infinity":201,"s:344:23:344:Infinity":202,"s:345:10:345:Infinity":203,"s:347:4:347:Infinity":204,"s:348:4:348:Infinity":205,"s:350:10:359:Infinity":206,"f:350:10:350:25":35,"b:351:6:351:Infinity:undefined:undefined:undefined:undefined":39,"s:351:6:351:Infinity":207,"s:351:19:351:Infinity":208,"b:352:6:352:Infinity:undefined:undefined:undefined:undefined":40,"s:352:6:352:Infinity":209,"b:352:10:352:19:352:19:352:27":41,"s:352:27:352:Infinity":210,"b:353:6:353:Infinity:undefined:undefined:undefined:undefined":42,"s:353:6:353:Infinity":211,"s:353:20:353:Infinity":212,"b:354:6:354:Infinity:undefined:undefined:undefined:undefined":43,"s:354:6:354:Infinity":213,"b:354:10:354:20:354:20:354:28":44,"s:354:28:354:Infinity":214,"b:355:6:355:Infinity:undefined:undefined:undefined:undefined":45,"s:355:6:355:Infinity":215,"s:355:20:355:Infinity":216,"b:356:6:356:Infinity:undefined:undefined:undefined:undefined":46,"s:356:6:356:Infinity":217,"b:356:10:356:20:356:20:356:28":47,"s:356:28:356:Infinity":218,"b:357:6:357:Infinity:undefined:undefined:undefined:undefined":48,"s:357:6:357:Infinity":219,"s:357:20:357:Infinity":220,"b:358:6:358:Infinity:undefined:undefined:undefined:undefined":49,"s:358:6:358:Infinity":221,"b:358:10:358:20:358:20:358:28":50,"s:358:28:358:Infinity":222,"s:361:4:433:Infinity":223,"f:361:17:361:26":36,"s:362:19:362:Infinity":224,"s:364:6:364:Infinity":225,"s:365:6:365:Infinity":226,"s:366:6:366:Infinity":227,"s:367:6:367:Infinity":228,"s:368:6:368:Infinity":229,"b:371:6:377:Infinity:undefined:undefined:undefined:undefined":51,"s:371:6:377:Infinity":230,"s:372:8:372:Infinity":231,"b:373:8:376:Infinity:374:13:376:Infinity":52,"s:373:8:376:Infinity":232,"b:373:12:373:28:373:28:373:43":53,"s:373:43:373:Infinity":233,"b:374:13:376:Infinity:375:13:376:Infinity":54,"s:374:13:376:Infinity":234,"b:374:17:374:34:374:34:374:49":55,"s:374:49:374:Infinity":235,"b:375:13:376:Infinity:376:13:376:Infinity":56,"s:375:13:376:Infinity":236,"b:375:17:375:34:375:34:375:49":57,"s:375:49:375:Infinity":237,"b:376:13:376:Infinity:undefined:undefined:undefined:undefined":58,"s:376:13:376:Infinity":238,"b:376:17:376:34:376:34:376:49":59,"s:376:49:376:Infinity":239,"s:380:6:380:Infinity":240,"s:381:6:381:Infinity":241,"s:382:6:382:Infinity":242,"s:383:6:383:Infinity":243,"b:385:6:419:Infinity:389:13:419:Infinity":60,"s:385:6:419:Infinity":244,"s:386:8:386:Infinity":245,"s:387:8:387:Infinity":246,"s:388:8:388:Infinity":247,"b:389:13:419:Infinity:393:13:419:Infinity":61,"s:389:13:419:Infinity":248,"s:390:8:390:Infinity":249,"s:391:8:391:Infinity":250,"s:392:8:392:Infinity":251,"b:393:13:419:Infinity:396:13:419:Infinity":62,"s:393:13:419:Infinity":252,"s:394:8:394:Infinity":253,"s:395:8:395:Infinity":254,"b:396:13:419:Infinity:399:13:419:Infinity":63,"s:396:13:419:Infinity":255,"s:397:8:397:Infinity":256,"s:398:8:398:Infinity":257,"s:400:22:400:Infinity":258,"b:401:8:418:Infinity:405:15:418:Infinity":64,"s:401:8:418:Infinity":259,"b:401:12:401:28:401:28:401:43":65,"s:402:10:402:Infinity":260,"b:402:23:402:35:402:35:402:39":66,"b:403:10:403:Infinity:undefined:undefined:undefined:undefined":67,"s:403:10:403:Infinity":261,"s:403:24:403:Infinity":262,"b:404:10:404:Infinity:undefined:undefined:undefined:undefined":68,"s:404:10:404:Infinity":263,"s:404:31:404:Infinity":264,"b:405:15:418:Infinity:410:15:418:Infinity":69,"s:405:15:418:Infinity":265,"b:405:19:405:36:405:36:405:51":70,"s:406:10:406:Infinity":266,"s:407:10:407:Infinity":267,"s:408:10:408:Infinity":268,"b:408:23:408:35:408:35:408:39":71,"b:409:10:409:Infinity:undefined:undefined:undefined:undefined":72,"s:409:10:409:Infinity":269,"s:409:24:409:Infinity":270,"b:410:15:418:Infinity:413:15:418:Infinity":73,"s:410:15:418:Infinity":271,"b:410:19:410:36:410:36:410:51":74,"s:411:10:411:Infinity":272,"b:411:23:411:35:411:35:411:39":75,"b:412:10:412:Infinity:undefined:undefined:undefined:undefined":76,"s:412:10:412:Infinity":273,"s:412:24:412:Infinity":274,"b:413:15:418:Infinity:undefined:undefined:undefined:undefined":77,"s:413:15:418:Infinity":275,"b:413:19:413:36:413:36:413:51":78,"s:414:10:414:Infinity":276,"s:415:10:415:Infinity":277,"s:416:10:416:Infinity":278,"b:416:23:416:35:416:35:416:39":79,"b:417:10:417:Infinity:undefined:undefined:undefined:undefined":80,"s:417:10:417:Infinity":279,"s:417:24:417:Infinity":280,"s:420:6:420:Infinity":281,"s:423:19:423:Infinity":282,"b:424:6:432:Infinity:undefined:undefined:undefined:undefined":81,"s:424:6:432:Infinity":283,"s:425:8:425:Infinity":284,"s:426:8:426:Infinity":285,"s:427:8:427:Infinity":286,"b:428:8:431:Infinity:undefined:undefined:undefined:undefined":82,"s:428:8:431:Infinity":287,"s:429:10:429:Infinity":288,"s:430:10:430:Infinity":289,"s:436:4:436:Infinity":290,"s:437:4:437:Infinity":291,"s:438:4:438:Infinity":292,"s:439:4:439:Infinity":293,"s:440:4:440:Infinity":294,"s:441:4:441:Infinity":295,"s:442:4:442:Infinity":296,"s:443:4:443:Infinity":297,"s:444:4:444:Infinity":298,"s:445:4:445:Infinity":299,"s:446:4:446:Infinity":300,"s:447:4:447:Infinity":301,"s:448:4:448:Infinity":302,"s:451:4:461:Infinity":303,"f:451:38:451:47":37,"s:452:19:452:Infinity":304,"s:453:21:453:Infinity":305,"s:454:22:454:Infinity":306,"b:454:36:454:51:454:51:454:Infinity":83,"s:455:22:455:Infinity":307,"s:457:6:457:Infinity":308,"s:458:6:458:Infinity":309,"s:459:6:459:Infinity":310,"s:460:6:460:Infinity":311,"s:465:21:465:Infinity":312,"s:466:17:466:Infinity":313,"s:468:2:716:Infinity":314,"b:476:7:476:Infinity:477:8:486:Infinity":84,"f:497:21:497:25":38,"s:498:10:504:Infinity":315,"b:499:62:499:70:499:70:499:77":85,"b:508:1:508:Infinity:509:2:514:Infinity":86,"b:517:9:517:Infinity:518:10:529:Infinity":87,"f:526:20:526:35":39,"s:526:35:526:61":316,"b:533:9:533:Infinity:534:10:563:Infinity":88,"b:545:60:545:113:545:113:545:Infinity":89,"b:549:14:561:15:561:14:561:Infinity":90,"f:550:24:550:39":40,"s:550:39:550:68":317,"f:553:24:553:39":41,"s:553:39:553:68":318,"f:556:24:556:39":42,"s:556:39:556:63":319,"f:572:44:572:48":43,"s:573:25:573:Infinity":320,"s:574:12:586:Infinity":321,"b:580:51:580:59:580:59:580:Infinity":91,"b:583:26:583:42:583:42:583:Infinity":92,"b:598:12:621:13:621:12:623:Infinity":93,"b:601:26:601:49:601:49:601:62:601:62:601:Infinity":94,"b:603:78:603:90:603:90:603:Infinity":95,"b:607:29:607:99:607:99:607:Infinity":96,"b:611:26:611:50:611:50:611:Infinity":97,"b:613:101:613:113:613:113:613:Infinity":98,"b:613:57:613:81:613:81:613:101":99,"b:627:11:627:40:627:40:627:Infinity:628:12:647:Infinity":100,"b:657:27:657:52:657:52:657:54":101,"f:658:3:658:11":44,"s:658:25:658:53":322,"f:659:3:659:8":45,"s:660:30:660:Infinity":323,"f:660:43:660:48":46,"s:660:53:660:79":324,"s:661:16:677:Infinity":325,"b:664:92:664:107:664:107:664:Infinity":102,"b:668:22:675:23:675:22:677:Infinity":103,"f:669:24:669:39":47,"s:669:39:669:Infinity":326,"b:680:13:680:Infinity:681:14:683:Infinity":104,"f:680:49:680:56":48,"s:680:61:680:86":327,"f:699:30:699:35":49,"s:700:16:709:Infinity":328,"b:702:37:702:49:702:49:702:Infinity":105,"b:703:42:703:54:703:54:703:Infinity":106,"b:704:39:704:52:704:52:704:Infinity":107,"b:706:42:706:64:706:64:706:Infinity":108},"fnNames":{}}}
}
